 -0.1127017     -0.8872983    
 -0.1127017     -0.8872983    
 -1.0102051E-02 -0.9898980    
 -1.0102051E-02 -0.9898980    
 -1.0010019E-03 -0.9989990    
 -1.0010019E-03 -0.9989990    
 -1.0000999E-04 -0.9999000    
 -1.0000999E-04 -0.9999000    
 -1.0000099E-05 -0.9999900    
 -1.0000099E-05 -0.9999900    
 -1.0000009E-06 -0.9999990    
 -1.0000009E-06 -0.9999990    
 -9.9999994E-08 -0.9999999    
 -9.9999994E-08 -0.9999999    
 -9.9999991E-09  -1.000000    
 -9.9999991E-09  -1.000000    
 -9.9999986E-10  -1.000000    
 -9.9999986E-10  -1.000000    
 -9.9999987E-11  -1.000000    
 -9.9999987E-11  -1.000000    
 -9.9999991E-12  -1.000000    
 -9.9999991E-12  -1.000000    
 -9.9999989E-13  -1.000000    
 -9.9999989E-13  -1.000000    
 -1.0000001E-13  -1.000000    
 -9.9999991E-14 -0.9999999    
 -1.0000003E-14  -1.000000    
 -9.9999990E-15 -0.9999996    
 -1.0000139E-15  -1.000000    
 -9.9999990E-16 -0.9999861    
 -1.0001765E-16  -1.000000    
 -9.9999988E-17 -0.9998234    
 -1.0001765E-17  -1.000000    
 -9.9999990E-18 -0.9998235    
 -1.0028870E-18  -1.000000    
 -9.9999994E-19 -0.9971212    
 -1.0842022E-19  -1.000000    
 -9.9999997E-20 -0.9223372    
 -2.7105054E-20  -1.000000    
 -9.9999997E-21 -0.3689349    
   0.000000      -1.000000    
 -9.9999997E-22      -Infinity
   0.000000      -1.000000    
 -9.9999997E-23      -Infinity
   0.000000      -1.000000    
 -1.0000000E-23      -Infinity
   0.000000      -1.000000    
 -1.0000000E-24      -Infinity
   0.000000      -1.000000    
 -1.0000000E-25      -Infinity
   0.000000      -1.000000    
 -9.9999999E-27      -Infinity
   0.000000      -1.000000    
 -1.0000000E-27      -Infinity
   0.000000      -1.000000    
 -1.0000000E-28      -Infinity
   0.000000      -1.000000    
 -1.0000000E-29      -Infinity
   0.000000      -1.000000    
 -1.0000000E-30      -Infinity
   0.000000      -1.000000    
 -9.9999998E-32      -Infinity
   0.000000      -1.000000    
 -9.9999995E-33      -Infinity
   0.000000      -1.000000    
 -9.9999993E-34      -Infinity
   0.000000      -1.000000    
 -9.9999993E-35      -Infinity
   0.000000      -1.000000    
 -9.9999995E-36      -Infinity
   0.000000      -1.000000    
 -9.9999995E-37      -Infinity
   0.000000      -1.000000    
 -9.9999999E-38      -Infinity
   0.000000      -1.000000    
 -9.9999994E-39      -Infinity
   0.000000      -1.000000    
 -1.0000002E-39      -Infinity
   0.000000      -1.000000    
 -9.9999461E-41      -Infinity
   0.000000      -1.000000    
 -9.9996658E-42      -Infinity
   0.000000      -1.000000    
 -1.0005271E-42      -Infinity
   0.000000      -1.000000    
 -9.9492191E-44      -Infinity
   0.000000      -1.000000    
 -9.8090893E-45      -Infinity
   0.000000      -1.000000    
 -1.4012985E-45      -Infinity
   0.000000      -1.000000    
   0.000000                NaN
   0.000000      -1.000000    
   0.000000                NaN
   0.000000      -1.000000    
   0.000000                NaN
   0.000000      -1.000000    
   0.000000                NaN
   0.000000      -1.000000    
   0.000000                NaN
   0.000000      -1.000000    
   0.000000                NaN
   0.000000      -1.000000    
   0.000000                NaN
   0.000000      -1.000000    
   0.000000                NaN
   0.000000      -1.000000    
   0.000000                NaN
   0.000000      -1.000000    
   0.000000                NaN
   0.000000      -1.000000    
   0.000000                NaN
   0.000000      -1.000000    
   0.000000                NaN
   0.000000      -1.000000    
   0.000000                NaN
   0.000000      -1.000000    
   0.000000                NaN
   0.000000      -1.000000    
   0.000000                NaN
   0.000000      -1.000000    
   0.000000                NaN
   0.000000      -1.000000    
   0.000000                NaN
   0.000000      -1.000000    
   0.000000                NaN
   0.000000      -1.000000    
   0.000000                NaN
   0.000000      -1.000000    
   0.000000                NaN
   0.000000      -1.000000    
   0.000000                NaN
   0.000000      -1.000000    
   0.000000                NaN
   0.000000      -1.000000    
   0.000000                NaN
   0.000000      -1.000000    
   0.000000                NaN
   0.000000      -1.000000    
   0.000000                NaN
   0.000000      -1.000000    
   0.000000                NaN
   0.000000      -1.000000    
   0.000000                NaN
   0.000000      -1.000000    
   0.000000                NaN
   0.000000      -1.000000    
   0.000000                NaN
   0.000000      -1.000000    
   0.000000                NaN
   0.000000      -1.000000    
   0.000000                NaN
   0.000000      -1.000000    
   0.000000                NaN
   0.000000      -1.000000    
   0.000000                NaN
   0.000000      -1.000000    
   0.000000                NaN
   0.000000      -1.000000    
   0.000000                NaN
   0.000000      -1.000000    
   0.000000                NaN
   0.000000      -1.000000    
   0.000000                NaN
   0.000000      -1.000000    
   0.000000                NaN
   0.000000      -1.000000    
   0.000000                NaN
   0.000000      -1.000000    
   0.000000                NaN
   0.000000      -1.000000    
   0.000000                NaN
   0.000000      -1.000000    
   0.000000                NaN
   0.000000      -1.000000    
   0.000000                NaN
   0.000000      -1.000000    
   0.000000                NaN
   0.000000      -1.000000    
   0.000000                NaN
   0.000000      -1.000000    
   0.000000                NaN
   0.000000      -1.000000    
   0.000000                NaN
   0.000000      -1.000000    
   0.000000                NaN
   0.000000      -1.000000    
   0.000000                NaN
   0.000000      -1.000000    
   0.000000                NaN
   0.000000      -1.000000    
   0.000000                NaN
   0.000000      -1.000000    
   0.000000                NaN
   0.000000      -1.000000    
   0.000000                NaN
   0.000000      -1.000000    
   0.000000                NaN
   0.000000      -1.000000    
   0.000000                NaN
