   0.000000          -Infinity
  0.3010300      -7.162572    
  0.6020600          -Infinity
  0.9030900      -6.669240    
   1.204120      -6.388970    
   1.505150      -6.700710    
   1.806180      -5.927999    
   2.107210      -5.687704    
   2.408240      -5.534178    
   2.709270      -5.321794    
   3.010300      -5.186260    
   3.311330      -4.797663    
   3.612360      -5.227276    
   3.913390      -3.688530    
   4.214420      -3.516646    
   4.515450      -3.450909    
   4.816480      -3.421430    
   5.117510      -3.407409    
   5.418540      -3.400564    
   5.719570      -3.397182    
