 0 1
  1.000000000000000E-002  0.999983333416666     
  2.000000000000000E-002  0.999933334666654     
  3.000000000000000E-002  0.999850006749855     
  4.000000000000000E-002  0.999733354665854     
  5.000000000000000E-002  0.999583385413567     
  6.000000000000000E-002  0.999400107990743     
  7.000000000000001E-002  0.999183533393325     
  8.000000000000000E-002  0.998933674614659     
  9.000000000000000E-002  0.998650546644567     
  0.100000000000000       0.998334166468282     
  0.110000000000000       0.997984553065225     
  0.120000000000000       0.997601727407661     
  0.130000000000000       0.997185712459191     
  0.140000000000000       0.996736533173118     
  0.150000000000000       0.996254216490661     
  0.160000000000000       0.995738791339037     
  0.170000000000000       0.995190288629388     
  0.180000000000000       0.994608741254579     
  0.190000000000000       0.993994184086845     
  0.200000000000000       0.993346653975306     
  0.210000000000000       0.992666189743331     
  0.220000000000000       0.991952832185770     
  0.230000000000000       0.991206624066037     
  0.240000000000000       0.990427610113061     
  0.250000000000000       0.989615837018092     
  0.260000000000000       0.988771353431366     
  0.270000000000000       0.987894209958634     
  0.280000000000000       0.986984459157549     
  0.290000000000000       0.986042155533916     
  0.300000000000000       0.985067355537799     
  0.310000000000000       0.984060117559495     
  0.320000000000000       0.983020501925368     
  0.330000000000000       0.981948570893540     
  0.340000000000000       0.980844388649454     
  0.350000000000000       0.979708021301290     
  0.360000000000000       0.978539536875250     
  0.370000000000000       0.977339005310708     
  0.380000000000000       0.976106498455218     
  0.390000000000000       0.974842090059388     
  0.400000000000000       0.973545855771626     
  0.410000000000000       0.972217873132739     
  0.420000000000000       0.970858221570405     
  0.430000000000000       0.969466982393513     
  0.440000000000000       0.968044238786363     
  0.450000000000000       0.966590075802734     
  0.460000000000000       0.965104580359825     
  0.470000000000000       0.963587841232060     
  0.480000000000000       0.962039949044756     
  0.490000000000000       0.960460996267669     
  0.500000000000000       0.958851077208406     
  0.510000000000000       0.957210288005701     
  0.520000000000000       0.955538726622571     
  0.530000000000000       0.953836492839334     
  0.540000000000000       0.952103688246506     
  0.550000000000000       0.950340416237562     
  0.560000000000000       0.948546782001577     
  0.570000000000000       0.946722892515735     
  0.580000000000000       0.944868856537713     
  0.590000000000000       0.942984784597939     
  0.600000000000000       0.941070788991726     
  0.610000000000000       0.939126983771281     
  0.620000000000000       0.937153484737589     
  0.630000000000000       0.935150409432174     
  0.640000000000000       0.933117877128738     
  0.650000000000000       0.931056008824676     
  0.660000000000000       0.928964927232475     
  0.670000000000000       0.926844756770985     
  0.680000000000000       0.924695623556571     
  0.690000000000000       0.922517655394156     
  0.700000000000000       0.920310981768130     
  0.710000000000000       0.918075733833150     
  0.720000000000000       0.915812044404824     
  0.730000000000000       0.913520047950271     
  0.740000000000000       0.911199880578574     
  0.750000000000000       0.908851680031112     
  0.760000000000000       0.906475585671778     
  0.770000000000000       0.904071738477087     
  0.780000000000000       0.901640281026167     
  0.790000000000000       0.899181357490643     
  0.800000000000000       0.896695113624403     
  0.810000000000000       0.894181696753262     
  0.820000000000001       0.891641255764507     
  0.830000000000001       0.889073941096341     
  0.840000000000001       0.886479904727213     
  0.850000000000001       0.883859300165050     
  0.860000000000001       0.881212282436368     
  0.870000000000001       0.878539008075293     
  0.880000000000001       0.875839635112465     
  0.890000000000001       0.873114323063847     
  0.900000000000001       0.870363232919426     
  0.910000000000001       0.867586527131814     
  0.920000000000001       0.864784369604745     
  0.930000000000001       0.861956925681481     
  0.940000000000001       0.859104362133100     
  0.950000000000001       0.856226847146709     
  0.960000000000001       0.853324550313540     
  0.970000000000001       0.850397642616959     
  0.980000000000001       0.847446296420378     
  0.990000000000001       0.844470685455071     
   1.00000000000000       0.841470984807896     
   1.01000000000000       0.838447370908926     
   1.02000000000000       0.835400021518983     
   1.03000000000000       0.832329115717090     
   1.04000000000000       0.829234833887825     
   1.05000000000000       0.826117357708587     
   1.06000000000000       0.822976870136779     
   1.07000000000000       0.819813555396898     
   1.08000000000000       0.816627598967544     
   1.09000000000000       0.813419187568337     
   1.10000000000000       0.810188509146759     
   1.11000000000000       0.806935752864907     
   1.12000000000000       0.803661109086165     
   1.13000000000000       0.800364769361793     
   1.14000000000000       0.797046926417441     
   1.15000000000000       0.793707774139583     
   1.16000000000000       0.790347507561868     
   1.17000000000000       0.786966322851398     
   1.18000000000000       0.783564417294932     
   1.19000000000000       0.780141989285014     
   1.20000000000000       0.776699238306022     
   1.21000000000000       0.773236364920153     
   1.22000000000000       0.769753570753334     
   1.23000000000000       0.766251058481055     
   1.24000000000000       0.762729031814144     
   1.25000000000000       0.759187695484469     
   1.26000000000000       0.755627255230568     
   1.27000000000000       0.752047917783222     
   1.28000000000000       0.748449890850957     
   1.29000000000000       0.744833383105482     
   1.30000000000000       0.741198604167071     
   1.31000000000000       0.737545764589873     
   1.32000000000000       0.733875075847170     
   1.33000000000000       0.730186750316575     
   1.34000000000000       0.726481001265163     
   1.35000000000000       0.722758042834562     
   1.36000000000000       0.719018090025967     
   1.37000000000000       0.715261358685120     
   1.38000000000000       0.711488065487217     
   1.39000000000000       0.707698427921781     
   1.40000000000000       0.703892664277471     
   1.41000000000000       0.700070993626844     
   1.42000000000000       0.696233635811070     
   1.43000000000000       0.692380811424600     
   1.44000000000000       0.688512741799782     
   1.45000000000000       0.684629648991440     
   1.46000000000000       0.680731755761400     
   1.47000000000000       0.676819285562980     
   1.48000000000000       0.672892462525432     
   1.49000000000000       0.668951511438351     
   1.50000000000000       0.664996657736036     
   1.51000000000000       0.661028127481819     
   1.52000000000000       0.657046147352357     
   1.53000000000000       0.653050944621879     
   1.54000000000000       0.649042747146415     
   1.55000000000000       0.645021783347972     
   1.56000000000000       0.640988282198696     
   1.57000000000000       0.636942473204990     
   1.58000000000000       0.632884586391607     
   1.59000000000000       0.628814852285717     
   1.60000000000000       0.624733501900940     
   1.61000000000000       0.620640766721360     
   1.62000000000000       0.616536878685508     
   1.63000000000000       0.612422070170326     
   1.64000000000000       0.608296573975105     
   1.65000000000000       0.604160623305405     
   1.66000000000000       0.600014451756949     
   1.67000000000000       0.595858293299509     
   1.68000000000000       0.591692382260759     
   1.69000000000000       0.587516953310129     
   1.70000000000000       0.583332241442628     
   1.71000000000000       0.579138481962665     
   1.72000000000000       0.574935910467849     
   1.73000000000000       0.570724762832784     
   1.74000000000000       0.566505275192846     
   1.75000000000000       0.562277683927963     
   1.76000000000000       0.558042225646374     
   1.77000000000000       0.553799137168387     
   1.78000000000000       0.549548655510137     
   1.79000000000000       0.545291017867331     
   1.80000000000000       0.541026461598997     
   1.81000000000000       0.536755224211223     
   1.82000000000000       0.532477543340909     
   1.83000000000000       0.528193656739506     
   1.84000000000000       0.523903802256765     
   1.85000000000000       0.519608217824486     
   1.86000000000000       0.515307141440276     
   1.87000000000000       0.511000811151306     
   1.88000000000000       0.506689465038082     
   1.89000000000000       0.502373341198217     
   1.90000000000000       0.498052677730217     
   1.91000000000000       0.493727712717282     
   1.92000000000000       0.489398684211106     
   1.93000000000000       0.485065830215702     
   1.94000000000000       0.480729388671237     
   1.95000000000000       0.476389597437881     
   1.96000000000000       0.472046694279677     
   1.97000000000000       0.467700916848423     
   1.98000000000000       0.463352502667580     
   1.99000000000000       0.459001689116193     
   2.00000000000000       0.454648713412840     
   2.01000000000000       0.450293812599602     
   2.02000000000000       0.445937223526053     
   2.03000000000000       0.441579182833280     
   2.04000000000000       0.437219926937931     
   2.05000000000000       0.432859692016281     
   2.06000000000000       0.428498713988337     
   2.07000000000000       0.424137228501970     
   2.08000000000000       0.419775470917075     
   2.09000000000000       0.415413676289767     
   2.10000000000000       0.411052079356607     
   2.11000000000000       0.406690914518867     
   2.12000000000000       0.402330415826829     
   2.13000000000000       0.397970816964118     
   2.14000000000000       0.393612351232078     
   2.15000000000000       0.389255251534186     
   2.16000000000000       0.384899750360502     
   2.17000000000000       0.380546079772171     
   2.18000000000000       0.376194471385953     
   2.19000000000000       0.371845156358812     
   2.20000000000000       0.367498365372542     
   2.21000000000000       0.363154328618439     
   2.22000000000000       0.358813275782022     
   2.23000000000000       0.354475436027806     
   2.24000000000000       0.350141037984118     
   2.25000000000000       0.345810309727967     
   2.26000000000000       0.341483478769969     
   2.27000000000000       0.337160772039321     
   2.28000000000000       0.332842415868827     
   2.29000000000000       0.328528635979989     
   2.29999999999999       0.324219657468141     
   2.30999999999999       0.319915704787652     
   2.31999999999999       0.315617001737180     
   2.32999999999999       0.311323771444989     
   2.33999999999999       0.307036236354330     
   2.34999999999999       0.302754618208873     
   2.35999999999999       0.298479138038213     
   2.36999999999999       0.294210016143436     
   2.37999999999999       0.289947472082749     
   2.38999999999999       0.285691724657174     
   2.39999999999999       0.281442991896316     
   2.40999999999999       0.277201491044190     
   2.41999999999999       0.272967438545127     
   2.42999999999999       0.268741050029742     
   2.43999999999999       0.264522540300975     
   2.44999999999999       0.260312123320209     
   2.45999999999999       0.256110012193456     
   2.46999999999999       0.251916419157617     
   2.47999999999999       0.247731555566823     
   2.48999999999999       0.243555631878845     
   2.49999999999999       0.239388857641586     
   2.50999999999999       0.235231441479650     
   2.51999999999999       0.231083591080989     
   2.52999999999999       0.226945513183630     
   2.53999999999999       0.222817413562486     
   2.54999999999999       0.218699497016246     
   2.55999999999999       0.214591967354351     
   2.56999999999999       0.210495027384047     
   2.57999999999999       0.206408878897532     
   2.58999999999999       0.202333722659185     
   2.59999999999999       0.198269758392876     
   2.60999999999999       0.194217184769374     
   2.61999999999999       0.190176199393836     
   2.62999999999999       0.186146998793389     
   2.63999999999999       0.182129778404796     
   2.64999999999999       0.178124732562225     
   2.65999999999999       0.174132054485097     
   2.66999999999999       0.170151936266038     
   2.67999999999999       0.166184568858912     
   2.68999999999999       0.162230142066967     
   2.69999999999999       0.158288844531053     
   2.70999999999999       0.154360863717961     
   2.71999999999999       0.150446385908835     
   2.72999999999999       0.146545596187705     
   2.73999999999999       0.142658678430098     
   2.74999999999999       0.138785815291763     
   2.75999999999999       0.134927188197490     
   2.76999999999998       0.131082977330030     
   2.77999999999998       0.127253361619122     
   2.78999999999998       0.123438518730612     
   2.79999999999998       0.119638625055686     
   2.80999999999998       0.115853855700205     
   2.81999999999998       0.112084384474139     
   2.82999999999998       0.108330383881110     
   2.83999999999998       0.104592025108046     
   2.84999999999998       0.100869478014934     
   2.85999999999998       9.716291112468695E-002
   2.86999999999998       9.347249161311366E-002
   2.87999999999998       8.979838529900316E-002
   2.88999999999998       8.614075663431532E-002
   2.89999999999998       8.249976869448315E-002
   2.90999999999998       7.887558316882590E-002
   2.91999999999998       7.526836035107400E-002
   2.92999999999998       7.167825913000639E-002
   2.93999999999998       6.810543698020070E-002
   2.94999999999998       6.455004995289730E-002
   2.95999999999998       6.101225266697732E-002
   2.96999999999998       5.749219830005579E-002
   2.97999999999998       5.399003857968997E-002
   2.98999999999998       5.050592377470388E-002
   2.99999999999998       4.704000268662931E-002
   3.00999999999998       4.359242264126410E-002
   3.01999999999998       4.016332948034796E-002
   3.02999999999998       3.675286755335679E-002
   3.03999999999998       3.336117970941557E-002
   3.04999999999998       2.998840728933069E-002
   3.05999999999998       2.663469011774213E-002
   3.06999999999998       2.330016649539592E-002
   3.07999999999998       1.998497319153743E-002
   3.08999999999998       1.668924543642613E-002
   3.09999999999998       1.341311691397193E-002
   3.10999999999998       1.015671975449399E-002
   3.11999999999998       6.920184527602166E-003
   3.12999999999998       3.703640235201600E-003
   3.13999999999998       5.072143046209976E-004
   3.14999999999998      -2.668967418135107E-003
   3.15999999999998      -5.824780675009624E-003
   3.16999999999998      -8.960102802391316E-003
   3.17999999999998      -1.207481273748796E-002
   3.18999999999998      -1.516879102457384E-002
   3.19999999999998      -1.824191982111130E-002
   3.20999999999998      -2.129408290374578E-002
   3.21999999999998      -2.432516567417426E-002
   3.22999999999998      -2.733505516488653E-002
   3.23999999999997      -3.032364004477909E-002
   3.24999999999997      -3.329081062464125E-002
   3.25999999999997      -3.623645886251324E-002
   3.26999999999997      -3.916047836891594E-002
   3.27999999999997      -4.206276441195196E-002
   3.28999999999997      -4.494321392227774E-002
   3.29999999999997      -4.780172549794654E-002
   3.30999999999997      -5.063819940912187E-002
   3.31999999999997      -5.345253760266125E-002
   3.32999999999997      -5.624464370656999E-002
   3.33999999999997      -5.901442303432482E-002
   3.34999999999997      -6.176178258906702E-002
   3.35999999999997      -6.448663106766504E-002
   3.36999999999997      -6.718887886464622E-002
   3.37999999999997      -6.986843807599756E-002
   3.38999999999997      -7.252522250283526E-002
   3.39999999999997      -7.515914765494291E-002
   3.40999999999997      -7.777013075417824E-002
   3.41999999999997      -8.035809073774812E-002
   3.42999999999997      -8.292294826135185E-002
   3.43999999999997      -8.546462570219247E-002
   3.44999999999997      -8.798304716185611E-002
   3.45999999999997      -9.047813846905915E-002
   3.46999999999997      -9.294982718226316E-002
   3.47999999999997      -9.539804259215762E-002
   3.48999999999997      -9.782271572401006E-002
   3.49999999999997      -0.100223779339884     
   3.50999999999997      -0.102601167940724     
   3.51999999999997      -0.104954817768310     
   3.52999999999997      -0.107284666807074     
   3.53999999999997      -0.109590654785792     
   3.54999999999997      -0.111872723179136     
   3.55999999999997      -0.114130815209099     
   3.56999999999997      -0.116364875846280     
   3.57999999999997      -0.118574851811049     
   3.58999999999997      -0.120760691574566     
   3.59999999999997      -0.122922345359674     
   3.60999999999997      -0.125059765141661     
   3.61999999999997      -0.127172904648888     
   3.62999999999997      -0.129261719363279     
   3.63999999999997      -0.131326166520692     
   3.64999999999997      -0.133366205111144     
   3.65999999999997      -0.135381795878913     
   3.66999999999997      -0.137372901322503     
   3.67999999999997      -0.139339485694483     
   3.68999999999997      -0.141281515001187     
   3.69999999999997      -0.143198957002289     
   3.70999999999996      -0.145091781210241     
   3.71999999999996      -0.146959958889587     
   3.72999999999996      -0.148803463056139     
   3.73999999999996      -0.150622268476028     
   3.74999999999996      -0.152416351664619     
   3.75999999999996      -0.154185690885298     
   3.76999999999996      -0.155930266148132     
   3.77999999999996      -0.157650059208397     
   3.78999999999996      -0.159345053564970     
   3.79999999999996      -0.161015234458604     
   3.80999999999996      -0.162660588870063     
   3.81999999999996      -0.164281105518134     
   3.82999999999996      -0.165876774857507     
   3.83999999999996      -0.167447589076533     
   3.84999999999996      -0.168993542094843     
   3.85999999999996      -0.170514629560850     
   3.86999999999996      -0.172010848849121     
   3.87999999999996      -0.173482199057613     
   3.88999999999996      -0.174928681004800     
   3.89999999999996      -0.176350297226654     
   3.90999999999996      -0.177747051973517     
   3.91999999999996      -0.179118951206833     
   3.92999999999996      -0.180466002595767     
   3.93999999999996      -0.181788215513693     
   3.94999999999996      -0.183085601034555     
   3.95999999999996      -0.184358171929111     
   3.96999999999996      -0.185605942661049     
   3.97999999999996      -0.186828929382979     
   3.98999999999996      -0.188027149932306     
   3.99999999999996      -0.189200623826977     
   4.00999999999996      -0.190349372261111     
   4.01999999999996      -0.191473418100499     
   4.02999999999996      -0.192572785877994     
   4.03999999999996      -0.193647501788771     
   4.04999999999996      -0.194697593685476     
   4.05999999999996      -0.195723091073246     
   4.06999999999996      -0.196724025104619     
   4.07999999999996      -0.197700428574320     
   4.08999999999996      -0.198652335913929     
   4.09999999999996      -0.199579783186438     
   4.10999999999996      -0.200482808080684     
   4.11999999999996      -0.201361449905669     
   4.12999999999996      -0.202215749584765     
   4.13999999999996      -0.203045749649802     
   4.14999999999996      -0.203851494235044     
   4.15999999999996      -0.204633029071048     
   4.16999999999996      -0.205390401478414     
   4.17999999999996      -0.206123660361418     
   4.18999999999996      -0.206832856201535     
   4.19999999999995      -0.207518041050851     
   4.20999999999995      -0.208179268525366     
   4.21999999999995      -0.208816593798179     
   4.22999999999995      -0.209430073592575     
   4.23999999999995      -0.210019766174995     
   4.24999999999995      -0.210585731347899     
   4.25999999999995      -0.211128030442528     
   4.26999999999995      -0.211646726311545     
   4.27999999999995      -0.212141883321588     
   4.28999999999995      -0.212613567345704     
   4.29999999999995      -0.213061845755685     
   4.30999999999995      -0.213486787414296     
   4.31999999999995      -0.213888462667403     
   4.32999999999995      -0.214266943335997     
   4.33999999999995      -0.214622302708119     
   4.34999999999995      -0.214954615530676     
   4.35999999999995      -0.215263958001170     
   4.36999999999995      -0.215550407759312     
   4.37999999999995      -0.215814043878552     
   4.38999999999995      -0.216054946857499     
   4.39999999999995      -0.216273198611253     
   4.40999999999995      -0.216468882462633     
   4.41999999999995      -0.216642083133318     
   4.42999999999995      -0.216792886734885     
   4.43999999999995      -0.216921380759755     
   4.44999999999995      -0.217027654072053     
   4.45999999999995      -0.217111796898364     
   4.46999999999995      -0.217173900818409     
   4.47999999999995      -0.217214058755619     
   4.48999999999995      -0.217232364967632     
   4.49999999999995      -0.217228915036688     
   4.50999999999995      -0.217203805859949     
   4.51999999999995      -0.217157135639716     
   4.52999999999995      -0.217089003873579     
   4.53999999999995      -0.216999511344463     
   4.54999999999995      -0.216888760110602     
   4.55999999999995      -0.216756853495424     
   4.56999999999995      -0.216603896077354     
   4.57999999999995      -0.216429993679535     
   4.58999999999995      -0.216235253359470     
   4.59999999999995      -0.216019783398580     
   4.60999999999995      -0.215783693291688     
   4.61999999999995      -0.215527093736418     
   4.62999999999995      -0.215250096622525     
   4.63999999999995      -0.214952815021142     
   4.64999999999995      -0.214635363173954     
   4.65999999999995      -0.214297856482298     
   4.66999999999994      -0.213940411496187     
   4.67999999999994      -0.213563145903268     
   4.68999999999994      -0.213166178517698     
   4.69999999999994      -0.212749629268960     
   4.70999999999994      -0.212313619190601     
   4.71999999999994      -0.211858270408906     
   4.72999999999994      -0.211383706131505     
   4.73999999999994      -0.210890050635907     
   4.74999999999994      -0.210377429257977     
   4.75999999999994      -0.209845968380342     
   4.76999999999994      -0.209295795420734     
   4.77999999999994      -0.208727038820274     
   4.78999999999994      -0.208139828031688     
   4.79999999999994      -0.207534293507470     
   4.80999999999994      -0.206910566687979     
   4.81999999999994      -0.206268779989479     
   4.82999999999994      -0.205609066792123     
   4.83999999999994      -0.204931561427879     
   4.84999999999994      -0.204236399168399     
   4.85999999999994      -0.203523716212838     
   4.86999999999994      -0.202793649675613     
   4.87999999999994      -0.202046337574117     
   4.88999999999994      -0.201281918816373     
   4.89999999999994      -0.200500533188644     
   4.90999999999994      -0.199702321342992     
   4.91999999999994      -0.198887424784789     
   4.92999999999994      -0.198055985860177     
   4.93999999999994      -0.197208147743489     
   4.94999999999994      -0.196344054424616     
   4.95999999999994      -0.195463850696338     
   4.96999999999994      -0.194567682141608     
   4.97999999999994      -0.193655695120795     
   4.98999999999994      -0.192728036758882     
   4.99999999999994      -0.191784854932634     
   5.00999999999994      -0.190826298257714     
   5.01999999999994      -0.189852516075777     
   5.02999999999994      -0.188863658441509     
   5.03999999999994      -0.187859876109651     
   5.04999999999994      -0.186841320521968     
   5.05999999999994      -0.185808143794202     
   5.06999999999994      -0.184760498702981     
   5.07999999999994      -0.183698538672703     
   5.08999999999994      -0.182622417762389     
   5.09999999999994      -0.181532290652504     
   5.10999999999994      -0.180428312631752     
   5.11999999999994      -0.179310639583848     
   5.12999999999994      -0.178179427974258     
   5.13999999999993      -0.177034834836916     
   5.14999999999993      -0.175877017760921     
   5.15999999999993      -0.174706134877208     
   5.16999999999993      -0.173522344845200     
   5.17999999999993      -0.172325806839435     
   5.18999999999993      -0.171116680536184     
   5.19999999999993      -0.169895126100038     
   5.20999999999993      -0.168661304170486     
   5.21999999999993      -0.167415375848480     
   5.22999999999993      -0.166157502682975     
   5.23999999999993      -0.164887846657466     
   5.24999999999993      -0.163606570176502     
   5.25999999999993      -0.162313836052203     
   5.26999999999993      -0.161009807490750     
   5.27999999999993      -0.159694648078876     
   5.28999999999993      -0.158368521770349     
   5.29999999999993      -0.157031592872443     
   5.30999999999993      -0.155684026032408     
   5.31999999999993      -0.154325986223928     
   5.32999999999993      -0.152957638733586     
   5.33999999999993      -0.151579149147317     
   5.34999999999993      -0.150190683336861     
   5.35999999999993      -0.148792407446223     
   5.36999999999993      -0.147384487878123     
   5.37999999999993      -0.145967091280452     
   5.38999999999993      -0.144540384532738     
   5.39999999999993      -0.143104534732600     
   5.40999999999993      -0.141659709182226     
   5.41999999999993      -0.140206075374837     
   5.42999999999993      -0.138743800981179     
   5.43999999999993      -0.137273053836006     
   5.44999999999993      -0.135794001924578     
   5.45999999999993      -0.134306813369179     
   5.46999999999993      -0.132811656415626     
   5.47999999999993      -0.131308699419812     
   5.48999999999993      -0.129798110834248     
   5.49999999999993      -0.128280059194628     
   5.50999999999993      -0.126754713106402     
   5.51999999999993      -0.125222241231375     
   5.52999999999993      -0.123682812274315     
   5.53999999999993      -0.122136594969588     
   5.54999999999993      -0.120583758067806     
   5.55999999999993      -0.119024470322500     
   5.56999999999993      -0.117458900476814     
   5.57999999999993      -0.115887217250224     
   5.58999999999993      -0.114309589325275     
   5.59999999999993      -0.112726185334355     
   5.60999999999992      -0.111137173846480     
   5.61999999999992      -0.109542723354120     
   5.62999999999992      -0.107943002260045     
   5.63999999999992      -0.106338178864204     
   5.64999999999992      -0.104728421350633     
   5.65999999999992      -0.103113897774395     
   5.66999999999992      -0.101494776048552     
   5.67999999999992      -9.987122393116887E-002
   5.68999999999992      -9.824340901235860E-002
   5.69999999999992      -9.661149870135255E-002
   5.70999999999992      -9.497566021361506E-002
   5.71999999999992      -9.333606055799246E-002
   5.72999999999992      -9.169286652390102E-002
   5.73999999999992      -9.004624466855447E-002
   5.74999999999992      -8.839636130423174E-002
   5.75999999999992      -8.674338248558627E-002
   5.76999999999992      -8.508747399699766E-002
   5.77999999999992      -8.342880133996668E-002
   5.78999999999992      -8.176752972055461E-002
   5.79999999999992      -8.010382403686789E-002
   5.80999999999992      -7.843784886658900E-002
   5.81999999999992      -7.676976845455458E-002
   5.82999999999992      -7.509974670038161E-002
   5.83999999999992      -7.342794714614280E-002
   5.84999999999992      -7.175453296409197E-002
   5.85999999999992      -7.007966694444030E-002
   5.86999999999992      -6.840351148318470E-002
   5.87999999999992      -6.672622856998871E-002
   5.88999999999992      -6.504797977611737E-002
   5.89999999999992      -6.336892624242660E-002
   5.90999999999992      -6.168922866740820E-002
   5.91999999999992      -6.000904729529121E-002
   5.92999999999992      -5.832854190420073E-002
   5.93999999999992      -5.664787179437486E-002
   5.94999999999992      -5.496719577644088E-002
   5.95999999999992      -5.328667215975127E-002
   5.96999999999992      -5.160645874078074E-002
   5.97999999999992      -4.992671279158485E-002
   5.98999999999992      -4.824759104832139E-002
   5.99999999999992      -4.656924969983499E-002
   6.00999999999992      -4.489184437630621E-002
   6.01999999999992      -4.321553013796564E-002
   6.02999999999992      -4.154046146387397E-002
   6.03999999999992      -3.986679224076894E-002
   6.04999999999992      -3.819467575197976E-002
   6.05999999999992      -3.652426466641005E-002
   6.06999999999992      -3.485571102759000E-002
   6.07999999999991      -3.318916624279856E-002
   6.08999999999991      -3.152478107225639E-002
   6.09999999999991      -2.986270561839054E-002
   6.10999999999991      -2.820308931517145E-002
   6.11999999999991      -2.654608091752312E-002
   6.12999999999991      -2.489182849080725E-002
   6.13999999999991      -2.324047940038207E-002
   6.14999999999991      -2.159218030123657E-002
   6.15999999999991      -1.994707712770100E-002
   6.16999999999991      -1.830531508323427E-002
   6.17999999999991      -1.666703863028898E-002
   6.18999999999991      -1.503239148025489E-002
   6.19999999999991      -1.340151658348148E-002
   6.20999999999991      -1.177455611938033E-002
   6.21999999999991      -1.015165148660795E-002
   6.22999999999991      -8.532943293329948E-003
   6.23999999999991      -6.918571347566992E-003
   6.24999999999991      -5.308674647623369E-003
   6.25999999999991      -3.703391372598814E-003
   6.26999999999991      -2.102858872984233E-003
   6.27999999999991      -5.072136613419970E-004
   6.28999999999991       1.083408596928548E-003
   6.29999999999991       2.668873092739724E-003
   6.30999999999991       4.249045882377664E-003
   6.31999999999991       5.823793896477359E-003
   6.32999999999991       7.392984948909962E-003
   6.33999999999991       8.956487745581769E-003
   6.34999999999991       1.051417189314426E-002
   6.35999999999991       1.206590790761459E-002
   6.36999999999991       1.361156722290603E-002
   6.37999999999991       1.515102219926764E-002
   6.38999999999991       1.668414613163274E-002
   6.39999999999991       1.821081325787556E-002
   6.40999999999991       1.973089876697549E-002
   6.41999999999991       2.124427880708849E-002
   6.42999999999991       2.275083049352499E-002
   6.43999999999991       2.425043191663386E-002
   6.44999999999991       2.574296214959189E-002
   6.45999999999991       2.722830125609826E-002
   6.46999999999991       2.870633029797356E-002
   6.47999999999991       3.017693134266277E-002
   6.48999999999991       3.163998747064183E-002
   6.49999999999991       3.309538278272718E-002
   6.50999999999991       3.454300240728805E-002
   6.51999999999991       3.598273250736071E-002
   6.52999999999991       3.741446028766449E-002
   6.53999999999991       3.883807400151910E-002
   6.54999999999990       4.025346295766268E-002
   6.55999999999990       4.166051752697027E-002
   6.56999999999990       4.305912914907231E-002
   6.57999999999990       4.444919033887268E-002
   6.58999999999990       4.583059469296590E-002
   6.59999999999990       4.720323689595322E-002
   6.60999999999990       4.856701272665700E-002
   6.61999999999990       4.992181906423329E-002
   6.62999999999990       5.126755389418199E-002
   6.63999999999990       5.260411631425441E-002
   6.64999999999990       5.393140654025780E-002
   6.65999999999990       5.524932591175664E-002
   6.66999999999990       5.655777689767008E-002
   6.67999999999990       5.785666310176570E-002
   6.68999999999990       5.914588926804874E-002
   6.69999999999990       6.042536128604688E-002
   6.70999999999990       6.169498619599022E-002
   6.71999999999990       6.295467219388597E-002
   6.72999999999990       6.420432863648794E-002
   6.73999999999990       6.544386604616018E-002
   6.74999999999990       6.667319611563488E-002
   6.75999999999990       6.789223171266401E-002
   6.76999999999990       6.910088688456462E-002
   6.77999999999990       7.029907686265757E-002
   6.78999999999990       7.148671806659937E-002
   6.79999999999990       7.266372810860709E-002
   6.80999999999990       7.383002579757601E-002
   6.81999999999990       7.498553114308987E-002
   6.82999999999990       7.613016535932357E-002
   6.83999999999990       7.726385086883811E-002
   6.84999999999990       7.838651130626767E-002
   6.85999999999990       7.949807152189861E-002
   6.86999999999990       8.059845758514031E-002
   6.87999999999990       8.168759678788763E-002
   6.88999999999990       8.276541764777512E-002
   6.89999999999990       8.383184991132242E-002
   6.90999999999990       8.488682455697129E-002
   6.91999999999990       8.593027379801367E-002
   6.92999999999990       8.696213108541112E-002
   6.93999999999990       8.798233111050517E-002
   6.94999999999990       8.899080980761892E-002
   6.95999999999990       8.998750435654945E-002
   6.96999999999990       9.097235318495130E-002
   6.97999999999990       9.194529597061074E-002
   6.98999999999990       9.290627364361105E-002
   6.99999999999990       9.385522838838856E-002
   7.00999999999989       9.479210364567955E-002
   7.01999999999989       9.571684411435810E-002
   7.02999999999989       9.662939575316465E-002
   7.03999999999989       9.752970578232556E-002
   7.04999999999989       9.841772268506355E-002
   7.05999999999989       9.929339620899905E-002
   7.06999999999989       0.100156677367443     
   7.07999999999989       0.101007518440578     
   7.08999999999989       0.101845872976538     
   7.09999999999989       0.102671695792368     
   7.10999999999989       0.103484942974885     
   7.11999999999989       0.104285571881424     
   7.12999999999989       0.105073541140481     
   7.13999999999989       0.105848810652240     
   7.14999999999989       0.106611341589000     
   7.15999999999989       0.107361096395489     
   7.16999999999989       0.108098038789067     
   7.17999999999989       0.108822133759832     
   7.18999999999989       0.109533347570606     
   7.19999999999989       0.110231647756819     
   7.20999999999989       0.110917003126289     
   7.21999999999989       0.111589383758887     
   7.22999999999989       0.112248761006099     
   7.23999999999989       0.112895107490486     
   7.24999999999989       0.113528397105028     
   7.25999999999989       0.114148605012367     
   7.26999999999989       0.114755707643944     
   7.27999999999989       0.115349682699029     
   7.28999999999989       0.115930509143645     
   7.29999999999989       0.116498167209386     
   7.30999999999989       0.117052638392134     
   7.31999999999989       0.117593905450664     
   7.32999999999989       0.118121952405150     
   7.33999999999989       0.118636764535565     
   7.34999999999989       0.119138328379978     
   7.35999999999989       0.119626631732744     
   7.36999999999989       0.120101663642592     
   7.37999999999989       0.120563414410613     
   7.38999999999989       0.121011875588142     
   7.39999999999989       0.121447039974539     
   7.40999999999989       0.121868901614865     
   7.41999999999989       0.122277455797460     
   7.42999999999989       0.122672699051417     
   7.43999999999989       0.123054629143959     
   7.44999999999989       0.123423245077710     
   7.45999999999989       0.123778547087867     
   7.46999999999989       0.124120536639277     
   7.47999999999988       0.124449216423407     
   7.48999999999988       0.124764590355223     
   7.49999999999988       0.125066663569962     
   7.50999999999988       0.125355442419813     
   7.51999999999988       0.125630934470496     
   7.52999999999988       0.125893148497746     
   7.53999999999988       0.126142094483699     
   7.54999999999988       0.126377783613178     
   7.55999999999988       0.126600228269894     
   7.56999999999988       0.126809442032537     
   7.57999999999988       0.127005439670785     
   7.58999999999988       0.127188237141209     
   7.59999999999988       0.127357851583088     
   7.60999999999988       0.127514301314134     
   7.61999999999988       0.127657605826116     
   7.62999999999988       0.127787785780396     
   7.63999999999988       0.127904863003379     
   7.64999999999988       0.128008860481855     
   7.65999999999988       0.128099802358271     
   7.66999999999988       0.128177713925895     
   7.67999999999988       0.128242621623900     
   7.68999999999988       0.128294553032359     
   7.69999999999988       0.128333536867143     
   7.70999999999988       0.128359602974739     
   7.71999999999988       0.128372782326980     
   7.72999999999988       0.128373107015685     
   7.73999999999988       0.128360610247212     
   7.74999999999988       0.128335326336926     
   7.75999999999988       0.128297290703590     
   7.76999999999988       0.128246539863656     
   7.77999999999988       0.128183111425485     
   7.78999999999988       0.128107044083479     
   7.79999999999988       0.128018377612130     
   7.80999999999988       0.127917152859988     
   7.81999999999988       0.127803411743547     
   7.82999999999988       0.127677197241052     
   7.83999999999988       0.127538553386223     
   7.84999999999988       0.127387525261902     
   7.85999999999988       0.127224158993622     
   7.86999999999988       0.127048501743095     
   7.87999999999988       0.126860601701623     
   7.88999999999988       0.126660508083439     
   7.89999999999988       0.126448271118961     
   7.90999999999988       0.126223942047979     
   7.91999999999988       0.125987573112765     
   7.92999999999988       0.125739217551109     
   7.93999999999988       0.125478929589281     
   7.94999999999987       0.125206764434924     
   7.95999999999987       0.124922778269871     
   7.96999999999987       0.124627028242891     
   7.97999999999987       0.124319572462372     
   7.98999999999987       0.124000469988926     
   7.99999999999987       0.123669780827927     
   8.00999999999987       0.123327565921987     
   8.01999999999987       0.122973887143357     
   8.02999999999987       0.122608807286265     
   8.03999999999987       0.122232390059192     
   8.04999999999987       0.121844700077073     
   8.05999999999987       0.121445802853448     
   8.06999999999987       0.121035764792534     
   8.07999999999987       0.120614653181247     
   8.08999999999987       0.120182536181159     
   8.09999999999987       0.119739482820387     
   8.10999999999987       0.119285562985431     
   8.11999999999987       0.118820847412948     
   8.12999999999987       0.118345407681471     
   8.13999999999987       0.117859316203061     
   8.14999999999987       0.117362646214916     
   8.15999999999987       0.116855471770910     
   8.16999999999987       0.116337867733090     
   8.17999999999987       0.115809909763103     
   8.18999999999987       0.115271674313587     
   8.19999999999987       0.114723238619492     
   8.20999999999987       0.114164680689362     
   8.21999999999987       0.113596079296559     
   8.22999999999987       0.113017513970439     
   8.23999999999987       0.112429064987479     
   8.24999999999987       0.111830813362352     
   8.25999999999987       0.111222840838958     
   8.26999999999987       0.110605229881406     
   8.27999999999987       0.109978063664952     
   8.28999999999987       0.109341426066888     
   8.29999999999987       0.108695401657393     
   8.30999999999987       0.108040075690332     
   8.31999999999987       0.107375534094018     
   8.32999999999987       0.106701863461932     
   8.33999999999987       0.106019151043404     
   8.34999999999987       0.105327484734245     
   8.35999999999987       0.104626953067350     
   8.36999999999987       0.103917645203259     
   8.37999999999987       0.103199650920681     
   8.38999999999987       0.102473060606976     
   8.39999999999987       0.101737965248615     
   8.40999999999987       0.100994456421588     
   8.41999999999986       0.100242626281792     
   8.42999999999986       9.948256755538140E-002
   8.43999999999986       9.871437352908223E-002
   8.44999999999986       9.793813804048201E-002
   8.45999999999986       9.715395546828526E-002
   8.46999999999986       9.636192072254079E-002
   8.47999999999986       9.556212923484057E-002
   8.48999999999986       9.475467694849091E-002
   8.49999999999986       9.393966030865712E-002
   8.50999999999986       9.311717625248231E-002
   8.51999999999986       9.228732219918151E-002
   8.52999999999986       9.145019604011166E-002
   8.53999999999986       9.060589612881879E-002
   8.54999999999986       8.975452127106298E-002
   8.55999999999986       8.889617071482202E-002
   8.56999999999986       8.803094414027497E-002
   8.57999999999986       8.715894164976619E-002
   8.58999999999986       8.628026375775089E-002
   8.59999999999986       8.539501138072317E-002
   8.60999999999986       8.450328582712736E-002
   8.61999999999986       8.360518878725356E-002
   8.62999999999986       8.270082232311846E-002
   8.63999999999986       8.179028885833202E-002
   8.64999999999986       8.087369116795140E-002
   8.65999999999986       7.995113236832251E-002
   8.66999999999986       7.902271590691048E-002
   8.67999999999986       7.808854555211991E-002
   8.68999999999986       7.714872538310555E-002
   8.69999999999986       7.620335977957461E-002
   8.70999999999986       7.525255341158155E-002
   8.71999999999986       7.429641122931609E-002
   8.72999999999986       7.333503845288555E-002
   8.73999999999986       7.236854056209228E-002
   8.74999999999986       7.139702328620726E-002
   8.75999999999986       7.042059259374048E-002
   8.76999999999986       6.943935468220937E-002
   8.77999999999986       6.845341596790588E-002
   8.78999999999986       6.746288307566332E-002
   8.79999999999986       6.646786282862363E-002
   8.80999999999986       6.546846223800629E-002
   8.81999999999986       6.446478849287951E-002
   8.82999999999986       6.345694894993466E-002
   8.83999999999986       6.244505112326491E-002
   8.84999999999986       6.142920267414893E-002
   8.85999999999986       6.040951140084046E-002
   8.86999999999986       5.938608522836480E-002
   8.87999999999986       5.835903219832300E-002
   8.88999999999985       5.732846045870461E-002
   8.89999999999985       5.629447825370999E-002
   8.90999999999985       5.525719391358294E-002
   8.91999999999985       5.421671584445464E-002
   8.92999999999985       5.317315251819968E-002
   8.93999999999985       5.212661246230511E-002
   8.94999999999985       5.107720424975339E-002
   8.95999999999985       5.002503648892009E-002
   8.96999999999985       4.897021781348720E-002
   8.97999999999985       4.791285687237292E-002
   8.98999999999985       4.685306231967884E-002
   8.99999999999985       4.579094280465529E-002
   9.00999999999985       4.472660696168582E-002
   9.01999999999985       4.366016340029153E-002
   9.02999999999985       4.259172069515622E-002
   9.03999999999985       4.152138737617318E-002
   9.04999999999985       4.044927191851446E-002
   9.05999999999985       3.937548273272338E-002
   9.06999999999985       3.830012815483130E-002
   9.07999999999985       3.722331643649929E-002
   9.08999999999985       3.614515573518575E-002
   9.09999999999985       3.506575410434053E-002
   9.10999999999985       3.398521948362661E-002
   9.11999999999985       3.290365968917020E-002
   9.12999999999985       3.182118240383969E-002
   9.13999999999985       3.073789516755485E-002
   9.14999999999985       2.965390536762650E-002
   9.15999999999985       2.856932022912802E-002
   9.16999999999985       2.748424680529894E-002
   9.17999999999985       2.639879196798195E-002
   9.18999999999985       2.531306239809366E-002
   9.19999999999985       2.422716457613027E-002
   9.20999999999985       2.314120477270872E-002
   9.21999999999985       2.205528903914409E-002
   9.22999999999985       2.096952319806427E-002
   9.23999999999985       1.988401283406236E-002
   9.24999999999985       1.879886328438777E-002
   9.25999999999985       1.771417962967677E-002
   9.26999999999985       1.663006668472317E-002
   9.27999999999985       1.554662898928996E-002
   9.28999999999985       1.446397079896261E-002
   9.29999999999985       1.338219607604485E-002
   9.30999999999985       1.230140848049758E-002
   9.31999999999985       1.122171136092175E-002
   9.32999999999985       1.014320774558580E-002
   9.33999999999985       9.066000333498588E-003
   9.34999999999985       7.990191485528356E-003
   9.35999999999984       6.915883215568503E-003
   9.36999999999984       5.843177181750926E-003
   9.37999999999984       4.772174677707589E-003
   9.38999999999984       3.702976623881031E-003
   9.39999999999984       2.635683558884516E-003
   9.40999999999984       1.570395630912517E-003
   9.41999999999984       5.072125892022196E-004
   9.42999999999984      -5.537662244532757E-004
   9.43999999999984      -1.612441884139374E-003
   9.44999999999984      -2.668715888201362E-003
   9.45999999999984      -3.722490167572068E-003
   9.46999999999984      -4.773667094045160E-003
   9.47999999999984      -5.822149488493415E-003
   9.48999999999984      -6.867840629031319E-003
   9.49999999999984      -7.910644259121359E-003
   9.50999999999984      -8.950464595623360E-003
   9.51999999999984      -9.987206336786257E-003
   9.52999999999984      -1.102077467018165E-002
   9.53999999999984      -1.205107528057855E-002
   9.54999999999984      -1.307801435775872E-002
   9.55999999999984      -1.410149860427190E-002
   9.56999999999984      -1.512143524313049E-002
   9.57999999999984      -1.613773202544296E-002
   9.58999999999984      -1.715029723798545E-002
   9.59999999999984      -1.815903971071095E-002
   9.60999999999984      -1.916386882419556E-002
   9.61999999999984      -2.016469451702117E-002
   9.62999999999984      -2.116142729309405E-002
   9.63999999999984      -2.215397822889879E-002
   9.64999999999984      -2.314225898068705E-002
   9.65999999999984      -2.412618179160053E-002
   9.66999999999984      -2.510565949872767E-002
   9.67999999999984      -2.608060554009359E-002
   9.68999999999984      -2.705093396158259E-002
   9.69999999999984      -2.801655942379293E-002
   9.70999999999984      -2.897739720882317E-002
   9.71999999999984      -2.993336322698964E-002
   9.72999999999984      -3.088437402347467E-002
   9.73999999999984      -3.183034678490481E-002
   9.74999999999984      -3.277119934585888E-002
   9.75999999999984      -3.370685019530516E-002
   9.76999999999984      -3.463721848296725E-002
   9.77999999999984      -3.556222402561836E-002
   9.78999999999984      -3.648178731330330E-002
   9.79999999999984      -3.739582951548785E-002
   9.80999999999984      -3.830427248713512E-002
   9.81999999999984      -3.920703877470842E-002
   9.82999999999983      -4.010405162210012E-002
   9.83999999999983      -4.099523497648630E-002
   9.84999999999983      -4.188051349410651E-002
   9.85999999999983      -4.275981254596850E-002
   9.86999999999983      -4.363305822347734E-002
   9.87999999999983      -4.450017734398861E-002
   9.88999999999983      -4.536109745628526E-002
   9.89999999999983      -4.621574684597784E-002
   9.90999999999983      -4.706405454082755E-002
   9.91999999999983      -4.790595031599203E-002
   9.92999999999983      -4.874136469919320E-002
   9.93999999999983      -4.957022897580717E-002
   9.94999999999983      -5.039247519387551E-002
   9.95999999999983      -5.120803616903793E-002
   9.96999999999983      -5.201684548938568E-002
   9.97999999999983      -5.281883752023563E-002
   9.98999999999983      -5.361394740882461E-002
   9.99999999999983      -5.440211108892374E-002
