 0 0
  1.000000000000000E-002  3.333300000125411E-003
  2.000000000000000E-002  6.666400003807409E-003
  3.000000000000000E-002  9.999100028931406E-003
  4.000000000000000E-002  1.333120012190116E-002
  5.000000000000000E-002  1.666250037200540E-002
  6.000000000000000E-002  1.999280092565108E-002
  7.000000000000001E-002  2.332190200065126E-002
  8.000000000000000E-002  2.664960390049009E-002
  9.000000000000000E-002  2.997570702858883E-002
  0.100000000000000       3.330001190255809E-002
  0.110000000000000       3.662231916844182E-002
  0.120000000000000       3.994242961495923E-002
  0.130000000000000       4.326014418771643E-002
  0.140000000000000       4.657526400343220E-002
  0.150000000000000       4.988759036412816E-002
  0.160000000000000       5.319692477131486E-002
  0.170000000000000       5.650306894016264E-002
  0.180000000000000       5.980582481365197E-002
  0.190000000000000       6.310499457670971E-002
  0.200000000000000       6.640038067032247E-002
  0.210000000000000       6.969178580563394E-002
  0.220000000000000       7.297901297801870E-002
  0.230000000000000       7.626186548113781E-002
  0.240000000000000       7.954014692096360E-002
  0.250000000000000       8.281366122978788E-002
  0.260000000000000       8.608221268020212E-002
  0.270000000000000       8.934560589904918E-002
  0.280000000000000       9.260364588135041E-002
  0.290000000000000       9.585613800420177E-002
  0.300000000000000       9.910288804064200E-002
  0.310000000000000       0.102343702173490     
  0.320000000000000       0.105578387009147     
  0.330000000000000       0.108806749591374     
  0.340000000000000       0.112028597415023     
  0.350000000000000       0.115243738439745     
  0.360000000000000       0.118451981103653     
  0.370000000000000       0.121653134336956     
  0.380000000000000       0.124847007575546     
  0.390000000000000       0.128033410774552     
  0.400000000000000       0.131212154421853     
  0.410000000000000       0.134383049551545     
  0.420000000000000       0.137545907757374     
  0.430000000000000       0.140700541206112     
  0.440000000000000       0.143846762650908     
  0.450000000000000       0.146984385444571     
  0.460000000000000       0.150113223552827     
  0.470000000000000       0.153233091567513     
  0.480000000000000       0.156343804719733     
  0.490000000000000       0.159445178892955     
  0.500000000000000       0.162537030636067     
  0.510000000000000       0.165619177176372     
  0.520000000000000       0.168691436432540     
  0.530000000000000       0.171753627027496     
  0.540000000000000       0.174805568301262     
  0.550000000000000       0.177847080323739     
  0.560000000000000       0.180877983907431     
  0.570000000000000       0.183898100620117     
  0.580000000000000       0.186907252797459     
  0.590000000000000       0.189905263555551     
  0.600000000000000       0.192891956803412     
  0.610000000000000       0.195867157255412     
  0.620000000000000       0.198830690443637     
  0.630000000000000       0.201782382730194     
  0.640000000000000       0.204722061319445     
  0.650000000000000       0.207649554270185     
  0.660000000000000       0.210564690507743     
  0.670000000000000       0.213467299836023     
  0.680000000000000       0.216357212949476     
  0.690000000000000       0.219234261445000     
  0.700000000000000       0.222098277833774     
  0.710000000000000       0.224949095553017     
  0.720000000000000       0.227786548977679     
  0.730000000000000       0.230610473432056     
  0.740000000000000       0.233420705201333     
  0.750000000000000       0.236217081543055     
  0.760000000000000       0.238999440698517     
  0.770000000000000       0.241767621904082     
  0.780000000000000       0.244521465402423     
  0.790000000000000       0.247260812453680     
  0.800000000000000       0.249985505346548     
  0.810000000000000       0.252695387409278     
  0.820000000000001       0.255390303020602     
  0.830000000000001       0.258070097620571     
  0.840000000000001       0.260734617721316     
  0.850000000000001       0.263383710917727     
  0.860000000000001       0.266017225898043     
  0.870000000000001       0.268635012454359     
  0.880000000000001       0.271236921493051     
  0.890000000000001       0.273822805045113     
  0.900000000000001       0.276392516276402     
  0.910000000000001       0.278945909497805     
  0.920000000000001       0.281482840175308     
  0.930000000000001       0.284003164939981     
  0.940000000000001       0.286506741597875     
  0.950000000000001       0.288993429139817     
  0.960000000000001       0.291463087751129     
  0.970000000000001       0.293915578821242     
  0.980000000000001       0.296350764953225     
  0.990000000000001       0.298768509973216     
   1.00000000000000       0.301168678939757     
   1.01000000000000       0.303551138153040     
   1.02000000000000       0.305915755164053     
   1.03000000000000       0.308262398783627     
   1.04000000000000       0.310590939091392     
   1.05000000000000       0.312901247444629     
   1.06000000000000       0.315193196487030     
   1.07000000000000       0.317466660157350     
   1.08000000000000       0.319721513697967     
   1.09000000000000       0.321957633663336     
   1.10000000000000       0.324174897928347     
   1.11000000000000       0.326373185696578     
   1.12000000000000       0.328552377508440     
   1.13000000000000       0.330712355249235     
   1.14000000000000       0.332853002157091     
   1.15000000000000       0.334974202830806     
   1.16000000000000       0.337075843237582     
   1.17000000000000       0.339157810720656     
   1.18000000000000       0.341219994006823     
   1.19000000000000       0.343262283213850     
   1.20000000000000       0.345284569857791     
   1.21000000000000       0.347286746860185     
   1.22000000000000       0.349268708555154     
   1.23000000000000       0.351230350696384     
   1.24000000000000       0.353171570464007     
   1.25000000000000       0.355092266471360     
   1.26000000000000       0.356992338771650     
   1.27000000000000       0.358871688864491     
   1.28000000000000       0.360730219702345     
   1.29000000000000       0.362567835696841     
   1.30000000000000       0.364384442724988     
   1.31000000000000       0.366179948135270     
   1.32000000000000       0.367954260753635     
   1.33000000000000       0.369707290889362     
   1.34000000000000       0.371438950340824     
   1.35000000000000       0.373149152401127     
   1.36000000000000       0.374837811863639     
   1.37000000000000       0.376504845027407     
   1.38000000000000       0.378150169702452     
   1.39000000000000       0.379773705214951     
   1.40000000000000       0.381375372412308     
   1.41000000000000       0.382955093668094     
   1.42000000000000       0.384512792886891     
   1.43000000000000       0.386048395508995     
   1.44000000000000       0.387561828515026     
   1.45000000000000       0.389053020430396     
   1.46000000000000       0.390521901329679     
   1.47000000000000       0.391968402840849     
   1.48000000000000       0.393392458149407     
   1.49000000000000       0.394794002002383     
   1.50000000000000       0.396172970712222     
   1.51000000000000       0.397529302160552     
   1.52000000000000       0.398862935801828     
   1.53000000000000       0.400173812666855     
   1.54000000000000       0.401461875366201     
   1.55000000000000       0.402727068093471     
   1.56000000000000       0.403969336628480     
   1.57000000000000       0.405188628340291     
   1.58000000000000       0.406384892190137     
   1.59000000000000       0.407558078734220     
   1.60000000000000       0.408708140126394     
   1.61000000000000       0.409835030120713     
   1.62000000000000       0.410938704073876     
   1.63000000000000       0.412019118947531     
   1.64000000000000       0.413076233310468     
   1.65000000000000       0.414110007340691     
   1.66000000000000       0.415120402827355     
   1.67000000000000       0.416107383172597     
   1.68000000000000       0.417070913393233     
   1.69000000000000       0.418010960122332     
   1.70000000000000       0.418927491610678     
   1.71000000000000       0.419820477728095     
   1.72000000000000       0.420689889964659     
   1.73000000000000       0.421535701431782     
   1.74000000000000       0.422357886863175     
   1.75000000000000       0.423156422615689     
   1.76000000000000       0.423931286670031     
   1.77000000000000       0.424682458631354     
   1.78000000000000       0.425409919729731     
   1.79000000000000       0.426113652820501     
   1.80000000000000       0.426793642384491     
   1.81000000000000       0.427449874528121     
   1.82000000000000       0.428082336983376     
   1.83000000000000       0.428691019107666     
   1.84000000000000       0.429275911883558     
   1.85000000000000       0.429837007918378     
   1.86000000000000       0.430374301443708     
   1.87000000000000       0.430887788314742     
   1.88000000000000       0.431377466009530     
   1.89000000000000       0.431843333628095     
   1.90000000000000       0.432285391891433     
   1.91000000000000       0.432703643140381     
   1.92000000000000       0.433098091334378     
   1.93000000000000       0.433468742050084     
   1.94000000000000       0.433815602479899     
   1.95000000000000       0.434138681430343     
   1.96000000000000       0.434437989320323     
   1.97000000000000       0.434713538179277     
   1.98000000000000       0.434965341645200     
   1.99000000000000       0.435193414962542     
   2.00000000000000       0.435397774979992     
   2.01000000000000       0.435578440148137     
   2.02000000000000       0.435735430517007     
   2.03000000000000       0.435868767733493     
   2.04000000000000       0.435978475038649     
   2.05000000000000       0.436064577264875     
   2.06000000000000       0.436127100832980     
   2.07000000000000       0.436166073749126     
   2.08000000000000       0.436181525601651     
   2.09000000000000       0.436173487557783     
   2.10000000000000       0.436141992360221     
   2.11000000000000       0.436087074323614     
   2.12000000000000       0.436008769330913     
   2.13000000000000       0.435907114829607     
   2.14000000000000       0.435782149827845     
   2.15000000000000       0.435633914890445     
   2.16000000000000       0.435462452134775     
   2.17000000000000       0.435267805226535     
   2.18000000000000       0.435050019375407     
   2.19000000000000       0.434809141330609     
   2.20000000000000       0.434545219376312     
   2.21000000000000       0.434258303326967     
   2.22000000000000       0.433948444522500     
   2.23000000000000       0.433615695823404     
   2.24000000000000       0.433260111605713     
   2.25000000000000       0.432881747755869     
   2.26000000000000       0.432480661665473     
   2.27000000000000       0.432056912225929     
   2.28000000000000       0.431610559822970     
   2.29000000000000       0.431141666331081     
   2.29999999999999       0.430650295107810     
   2.30999999999999       0.430136510987970     
   2.31999999999999       0.429600380277729     
   2.32999999999999       0.429041970748595     
   2.33999999999999       0.428461351631295     
   2.34999999999999       0.427858593609542     
   2.35999999999999       0.427233768813700     
   2.36999999999999       0.426586950814337     
   2.37999999999999       0.425918214615679     
   2.38999999999999       0.425227636648958     
   2.39999999999999       0.424515294765650     
   2.40999999999999       0.423781268230615     
   2.41999999999999       0.423025637715131     
   2.42999999999999       0.422248485289829     
   2.43999999999999       0.421449894417519     
   2.44999999999999       0.420629949945924     
   2.45999999999999       0.419788738100304     
   2.46999999999999       0.418926346475984     
   2.47999999999999       0.418042864030787     
   2.48999999999999       0.417138381077360     
   2.49999999999999       0.416212989275407     
   2.50999999999999       0.415266781623823     
   2.51999999999999       0.414299852452729     
   2.52999999999999       0.413312297415419     
   2.53999999999999       0.412304213480199     
   2.54999999999999       0.411275698922144     
   2.55999999999999       0.410226853314749     
   2.56999999999999       0.409157777521497     
   2.57999999999999       0.408068573687328     
   2.58999999999999       0.406959345230019     
   2.59999999999999       0.405830196831470     
   2.60999999999999       0.404681234428903     
   2.61999999999999       0.403512565205969     
   2.62999999999999       0.402324297583766     
   2.63999999999999       0.401116541211771     
   2.64999999999999       0.399889406958683     
   2.65999999999999       0.398643006903176     
   2.66999999999999       0.397377454324574     
   2.67999999999999       0.396092863693434     
   2.68999999999999       0.394789350662047     
   2.69999999999999       0.393467032054857     
   2.70999999999999       0.392126025858794     
   2.71999999999999       0.390766451213527     
   2.72999999999999       0.389388428401639     
   2.73999999999999       0.387992078838715     
   2.74999999999999       0.386577525063355     
   2.75999999999999       0.385144890727110     
   2.76999999999998       0.383694300584333     
   2.77999999999998       0.382225880481964     
   2.78999999999998       0.380739757349229     
   2.79999999999998       0.379236059187266     
   2.80999999999998       0.377714915058684     
   2.81999999999998       0.376176455077038     
   2.82999999999998       0.374620810396238     
   2.83999999999998       0.373048113199885     
   2.84999999999998       0.371458496690535     
   2.85999999999998       0.369852095078895     
   2.86999999999998       0.368229043572947     
   2.87999999999998       0.366589478367007     
   2.88999999999998       0.364933536630714     
   2.89999999999998       0.363261356497957     
   2.90999999999998       0.361573077055731     
   2.91999999999998       0.359868838332931     
   2.92999999999998       0.358148781289086     
   2.93999999999998       0.356413047803023     
   2.94999999999998       0.354661780661476     
   2.95999999999998       0.352895123547631     
   2.96999999999998       0.351113221029610     
   2.97999999999998       0.349316218548903     
   2.98999999999998       0.347504262408730     
   2.99999999999998       0.345677499762360     
   3.00999999999998       0.343836078601360     
   3.01999999999998       0.341980147743804     
   3.02999999999998       0.340109856822415     
   3.03999999999998       0.338225356272658     
   3.04999999999998       0.336326797320786     
   3.05999999999998       0.334414331971828     
   3.06999999999998       0.332488112997531     
   3.07999999999998       0.330548293924250     
   3.08999999999998       0.328595029020792     
   3.09999999999998       0.326628473286212     
   3.10999999999998       0.324648782437565     
   3.11999999999998       0.322656112897608     
   3.12999999999998       0.320650621782461     
   3.13999999999998       0.318632466889225     
   3.14999999999998       0.316601806683560     
   3.15999999999998       0.314558800287214     
   3.16999999999998       0.312503607465521     
   3.17999999999998       0.310436388614856     
   3.18999999999998       0.308357304750048     
   3.19999999999998       0.306266517491766     
   3.20999999999998       0.304164189053857     
   3.21999999999998       0.302050482230659     
   3.22999999999998       0.299925560384274     
   3.23999999999997       0.297789587431809     
   3.24999999999997       0.295642727832589     
   3.25999999999997       0.293485146575334     
   3.26999999999997       0.291317009165309     
   3.27999999999997       0.289138481611443     
   3.28999999999997       0.286949730413424     
   3.29999999999997       0.284750922548767     
   3.30999999999997       0.282542225459847     
   3.31999999999997       0.280323807040923     
   3.32999999999997       0.278095835625127     
   3.33999999999997       0.275858479971433     
   3.34999999999997       0.273611909251606     
   3.35999999999997       0.271356293037130     
   3.36999999999997       0.269091801286119     
   3.37999999999997       0.266818604330201     
   3.38999999999997       0.264536872861398     
   3.39999999999997       0.262246777918980     
   3.40999999999997       0.259948490876306     
   3.41999999999997       0.257642183427651     
   3.42999999999997       0.255328027575024     
   3.43999999999997       0.253006195614968     
   3.44999999999997       0.250676860125352     
   3.45999999999997       0.248340193952154     
   3.46999999999997       0.245996370196234     
   3.47999999999997       0.243645562200096     
   3.48999999999997       0.241287943534655     
   3.49999999999997       0.238923687985980     
   3.50999999999997       0.236552969542051     
   3.51999999999997       0.234175962379498     
   3.52999999999997       0.231792840850348     
   3.53999999999997       0.229403779468766     
   3.54999999999997       0.227008952897791     
   3.55999999999997       0.224608535936086     
   3.56999999999997       0.222202703504674     
   3.57999999999997       0.219791630633687     
   3.58999999999997       0.217375492449121     
   3.59999999999997       0.214954464159582     
   3.60999999999997       0.212528721043055     
   3.61999999999997       0.210098438433670     
   3.62999999999997       0.207663791708477     
   3.63999999999997       0.205224956274232     
   3.64999999999997       0.202782107554197     
   3.65999999999997       0.200335420974939     
   3.66999999999997       0.197885071953157     
   3.67999999999997       0.195431235882512     
   3.68999999999997       0.192974088120471     
   3.69999999999997       0.190513803975174     
   3.70999999999996       0.188050558692312     
   3.71999999999996       0.185584527442021     
   3.72999999999996       0.183115885305800     
   3.73999999999996       0.180644807263441     
   3.74999999999996       0.178171468179992     
   3.75999999999996       0.175696042792724     
   3.76999999999996       0.173218705698138     
   3.77999999999996       0.170739631338985     
   3.78999999999996       0.168258993991311     
   3.79999999999996       0.165776967751537     
   3.80999999999996       0.163293726523552     
   3.81999999999996       0.160809444005845     
   3.82999999999996       0.158324293678660     
   3.83999999999996       0.155838448791181     
   3.84999999999996       0.153352082348752     
   3.85999999999996       0.150865367100123     
   3.86999999999996       0.148378475524732     
   3.87999999999996       0.145891579820020     
   3.88999999999996       0.143404851888780     
   3.89999999999996       0.140918463326543     
   3.90999999999996       0.138432585409002     
   3.91999999999996       0.135947389079467     
   3.92999999999996       0.133463044936367     
   3.93999999999996       0.130979723220788     
   3.94999999999996       0.128497593804047     
   3.95999999999996       0.126016826175318     
   3.96999999999996       0.123537589429289     
   3.97999999999996       0.121060052253871     
   3.98999999999996       0.118584382917947     
   3.99999999999996       0.116110749259168     
   4.00999999999996       0.113639318671791     
   4.01999999999996       0.111170258094576     
   4.02999999999996       0.108703733998714     
   4.03999999999996       0.106239912375819     
   4.04999999999996       0.103778958725959     
   4.05999999999996       0.101321038045750     
   4.06999999999996       9.886631481648749E-002
   4.07999999999996       9.641495299234076E-002
   4.08999999999996       9.396711598859880E-002
   4.09999999999996       9.152296666996838E-002
   4.10999999999996       8.908266733892937E-002
   4.11999999999996       8.664637972414592E-002
   4.12999999999996       8.421426496893472E-002
   4.13999999999996       8.178648361979152E-002
   4.14999999999996       7.936319561497629E-002
   4.15999999999996       7.694456027315850E-002
   4.16999999999996       7.453073628212276E-002
   4.17999999999996       7.212188168753607E-002
   4.18999999999996       6.971815388177753E-002
   4.19999999999995       6.731970959283111E-002
   4.20999999999995       6.492670487324248E-002
   4.21999999999995       6.253929508914079E-002
   4.22999999999995       6.015763490932604E-002
   4.23999999999995       5.778187829442308E-002
   4.24999999999995       5.541217848610289E-002
   4.25999999999995       5.304868799637191E-002
   4.26999999999995       5.069155859693053E-002
   4.27999999999995       4.834094130860112E-002
   4.28999999999995       4.599698639082669E-002
   4.29999999999995       4.365984333124082E-002
   4.30999999999995       4.132966083530972E-002
   4.31999999999995       3.900658681604716E-002
   4.32999999999995       3.669076838380292E-002
   4.33999999999995       3.438235183612581E-002
   4.34999999999995       3.208148264770160E-002
   4.35999999999995       2.978830546036705E-002
   4.36999999999995       2.750296407320039E-002
   4.37999999999995       2.522560143268924E-002
   4.38999999999995       2.295635962297652E-002
   4.39999999999995       2.069537985618525E-002
   4.40999999999995       1.844280246282274E-002
   4.41999999999995       1.619876688226506E-002
   4.42999999999995       1.396341165332237E-002
   4.43999999999995       1.173687440488581E-002
   4.44999999999995       9.519291846656704E-003
   4.45999999999995       7.310799759958645E-003
   4.46999999999995       5.111532988633241E-003
   4.47999999999995       2.921625430020079E-003
   4.48999999999995       7.412100260216367E-004
   4.49999999999995      -1.429581245746290E-003
   4.50999999999995      -3.590617380717930E-003
   4.51999999999995      -5.741768356054031E-003
   4.52999999999995      -7.882905139230999E-003
   4.53999999999995      -1.001389969654187E-002
   4.54999999999995      -1.213462500150869E-002
   4.55999999999995      -1.424495504320559E-002
   4.56999999999995      -1.634476483449206E-002
   4.57999999999995      -1.843393042015571E-002
   4.58999999999995      -2.051232888496405E-002
   4.59999999999995      -2.257983836162474E-002
   4.60999999999995      -2.463633803865365E-002
   4.61999999999995      -2.668170816815022E-002
   4.62999999999995      -2.871583007347961E-002
   4.63999999999995      -3.073858615686113E-002
   4.64999999999995      -3.274985990686226E-002
   4.65999999999995      -3.474953590579802E-002
   4.66999999999994      -3.673749983703484E-002
   4.67999999999994      -3.871363849219879E-002
   4.68999999999994      -4.067783977828729E-002
   4.69999999999994      -4.262999272468423E-002
   4.70999999999994      -4.456998749007766E-002
   4.71999999999994      -4.649771536927980E-002
   4.72999999999994      -4.841306879994881E-002
   4.73999999999994      -5.031594136921191E-002
   4.74999999999994      -5.220622782018947E-002
   4.75999999999994      -5.408382405841940E-002
   4.76999999999994      -5.594862715818173E-002
   4.77999999999994      -5.780053536872277E-002
   4.78999999999994      -5.963944812037843E-002
   4.79999999999994      -6.146526603059642E-002
   4.80999999999994      -6.327789090985680E-002
   4.81999999999994      -6.507722576749066E-002
   4.82999999999994      -6.686317481739631E-002
   4.83999999999994      -6.863564348365300E-002
   4.84999999999994      -7.039453840603134E-002
   4.85999999999994      -7.213976744540043E-002
   4.86999999999994      -7.387123968903128E-002
   4.87999999999994      -7.558886545579606E-002
   4.88999999999994      -7.729255630126305E-002
   4.89999999999994      -7.898222502268677E-002
   4.90999999999994      -8.065778566389320E-002
   4.91999999999994      -8.231915352005964E-002
   4.92999999999994      -8.396624514238898E-002
   4.93999999999994      -8.559897834267816E-002
   4.94999999999994      -8.721727219778030E-002
   4.95999999999994      -8.882104705396082E-002
   4.96999999999994      -9.041022453114640E-002
   4.97999999999994      -9.198472752706756E-002
   4.98999999999994      -9.354448022129373E-002
   4.99999999999994      -9.508940807916123E-002
   5.00999999999994      -9.661943785559360E-002
   5.01999999999994      -9.813449759881414E-002
   5.02999999999994      -9.963451665395061E-002
   5.03999999999994      -0.101119425666532     
   5.04999999999994      -0.102589156585875     
   5.05999999999994      -0.104043642668367     
   5.06999999999994      -0.105482818480635     
   5.07999999999994      -0.106906619902606     
   5.08999999999994      -0.108314984130466     
   5.09999999999994      -0.109707849679496     
   5.10999999999994      -0.111085156386817     
   5.11999999999994      -0.112446845414008     
   5.12999999999994      -0.113792859249623     
   5.13999999999993      -0.115123141711604     
   5.14999999999993      -0.116437637949572     
   5.15999999999993      -0.117736294447017     
   5.16999999999993      -0.119019059023376     
   5.17999999999993      -0.120285880836001     
   5.18999999999993      -0.121536710382016     
   5.19999999999993      -0.122771499500070     
   5.20999999999993      -0.123990201371969     
   5.21999999999993      -0.125192770524209     
   5.22999999999993      -0.126379162829394     
   5.23999999999993      -0.127549335507544     
   5.24999999999993      -0.128703247127294     
   5.25999999999993      -0.129840857606984     
   5.26999999999993      -0.130962128215635     
   5.27999999999993      -0.132067021573823     
   5.28999999999993      -0.133155501654433     
   5.29999999999993      -0.134227533783313     
   5.30999999999993      -0.135283084639810     
   5.31999999999993      -0.136322122257206     
   5.32999999999993      -0.137344616023030     
   5.33999999999993      -0.138350536679278     
   5.34999999999993      -0.139339856322509     
   5.35999999999993      -0.140312548403840     
   5.36999999999993      -0.141268587728829     
   5.37999999999993      -0.142207950457250     
   5.38999999999993      -0.143130614102757     
   5.39999999999993      -0.144036557532443     
   5.40999999999993      -0.144925760966284     
   5.41999999999993      -0.145798205976484     
   5.42999999999993      -0.146653875486704     
   5.43999999999993      -0.147492753771185     
   5.44999999999993      -0.148314826453762     
   5.45999999999993      -0.149120080506775     
   5.46999999999993      -0.149908504249869     
   5.47999999999993      -0.150680087348684     
   5.48999999999993      -0.151434820813441     
   5.49999999999993      -0.152172696997427     
   5.50999999999993      -0.152893709595358     
   5.51999999999993      -0.153597853641653     
   5.52999999999993      -0.154285125508591     
   5.53999999999993      -0.154955522904363     
   5.54999999999993      -0.155609044871023     
   5.55999999999993      -0.156245691782333     
   5.56999999999993      -0.156865465341496     
   5.57999999999993      -0.157468368578795     
   5.58999999999993      -0.158054405849118     
   5.59999999999993      -0.158623582829387     
   5.60999999999992      -0.159175906515876     
   5.61999999999992      -0.159711385221429     
   5.62999999999992      -0.160230028572580     
   5.63999999999992      -0.160731847506556     
   5.64999999999992      -0.161216854268198     
   5.65999999999992      -0.161685062406758     
   5.66999999999992      -0.162136486772613     
   5.67999999999992      -0.162571143513866     
   5.68999999999992      -0.162989050072852     
   5.69999999999992      -0.163390225182541     
   5.70999999999992      -0.163774688862839     
   5.71999999999992      -0.164142462416797     
   5.72999999999992      -0.164493568426713     
   5.73999999999992      -0.164828030750136     
   5.74999999999992      -0.165145874515778     
   5.75999999999992      -0.165447126119321     
   5.76999999999992      -0.165731813219128     
   5.77999999999992      -0.165999964731863     
   5.78999999999992      -0.166251610828003     
   5.79999999999992      -0.166486782927270     
   5.80999999999992      -0.166705513693947     
   5.81999999999992      -0.166907837032120     
   5.82999999999992      -0.167093788080811     
   5.83999999999992      -0.167263403209021     
   5.84999999999992      -0.167416720010681     
   5.85999999999992      -0.167553777299511     
   5.86999999999992      -0.167674615103782     
   5.87999999999992      -0.167779274660988     
   5.88999999999992      -0.167867798412430     
   5.89999999999992      -0.167940229997703     
   5.90999999999992      -0.167996614249099     
   5.91999999999992      -0.168036997185916     
   5.92999999999992      -0.168061426008679     
   5.93999999999992      -0.168069949093272     
   5.94999999999992      -0.168062615984984     
   5.95999999999992      -0.168039477392464     
   5.96999999999992      -0.168000585181593     
   5.97999999999992      -0.167945992369269     
   5.98999999999992      -0.167875753117102     
   5.99999999999992      -0.167789922725032     
   6.00999999999992      -0.167688557624854     
   6.01999999999992      -0.167571715373667     
   6.02999999999992      -0.167439454647234     
   6.03999999999992      -0.167291835233264     
   6.04999999999992      -0.167128918024607     
   6.05999999999992      -0.166950765012376     
   6.06999999999992      -0.166757439278979     
   6.07999999999991      -0.166549004991080     
   6.08999999999991      -0.166325527392472     
   6.09999999999991      -0.166087072796881     
   6.10999999999991      -0.165833708580685     
   6.11999999999991      -0.165565503175558     
   6.12999999999991      -0.165282526061042     
   6.13999999999991      -0.164984847757036     
   6.14999999999991      -0.164672539816213     
   6.15999999999991      -0.164345674816367     
   6.16999999999991      -0.164004326352682     
   6.17999999999991      -0.163648569029925     
   6.18999999999991      -0.163278478454579     
   6.19999999999991      -0.162894131226888     
   6.20999999999991      -0.162495604932849     
   6.21999999999991      -0.162082978136117     
   6.22999999999991      -0.161656330369859     
   6.23999999999991      -0.161215742128520     
   6.24999999999991      -0.160761294859541     
   6.25999999999991      -0.160293070954995     
   6.26999999999991      -0.159811153743164     
   6.27999999999991      -0.159315627480053     
   6.28999999999991      -0.158806577340831     
   6.29999999999991      -0.158284089411221     
   6.30999999999991      -0.157748250678811     
   6.31999999999991      -0.157199149024322     
   6.32999999999991      -0.156636873212794     
   6.33999999999991      -0.156061512884731     
   6.34999999999991      -0.155473158547175     
   6.35999999999991      -0.154871901564720     
   6.36999999999991      -0.154257834150478     
   6.37999999999991      -0.153631049356978     
   6.38999999999991      -0.152991641067012     
   6.39999999999991      -0.152339703984428     
   6.40999999999991      -0.151675333624867     
   6.41999999999991      -0.150998626306440     
   6.42999999999991      -0.150309679140365     
   6.43999999999991      -0.149608590021538     
   6.44999999999991      -0.148895457619062     
   6.45999999999991      -0.148170381366723     
   6.46999999999991      -0.147433461453415     
   6.47999999999991      -0.146684798813516     
   6.48999999999991      -0.145924495117221     
   6.49999999999991      -0.145152652760820     
   6.50999999999991      -0.144369374856938     
   6.51999999999991      -0.143574765224725     
   6.52999999999991      -0.142768928380002     
   6.53999999999991      -0.141951969525364     
   6.54999999999990      -0.141123994540243     
   6.55999999999990      -0.140285109970925     
   6.56999999999990      -0.139435423020526     
   6.57999999999990      -0.138575041538936     
   6.58999999999990      -0.137704074012712     
   6.59999999999990      -0.136822629554942     
   6.60999999999990      -0.135930817895070     
   6.61999999999990      -0.135028749368680     
   6.62999999999990      -0.134116534907247     
   6.63999999999990      -0.133194286027861     
   6.64999999999990      -0.132262114822903     
   6.65999999999990      -0.131320133949699     
   6.66999999999990      -0.130368456620140     
   6.67999999999990      -0.129407196590269     
   6.68999999999990      -0.128436468149838     
   6.69999999999990      -0.127456386111840     
   6.70999999999990      -0.126467065802004     
   6.71999999999990      -0.125468623048276     
   6.72999999999990      -0.124461174170260     
   6.73999999999990      -0.123444835968644     
   6.74999999999990      -0.122419725714592     
   6.75999999999990      -0.121385961139125     
   6.76999999999990      -0.120343660422464     
   6.77999999999990      -0.119292942183364     
   6.78999999999990      -0.118233925468423     
   6.79999999999990      -0.117166729741365     
   6.80999999999990      -0.116091474872316     
   6.81999999999990      -0.115008281127051     
   6.82999999999990      -0.113917269156231     
   6.83999999999990      -0.112818559984620     
   6.84999999999990      -0.111712275000286     
   6.85999999999990      -0.110598535943793     
   6.86999999999990      -0.109477464897374     
   6.87999999999990      -0.108349184274096     
   6.88999999999990      -0.107213816807005     
   6.89999999999990      -0.106071485538276     
   6.90999999999990      -0.104922313808336     
   6.91999999999990      -0.103766425244988     
   6.92999999999990      -0.102603943752528     
   6.93999999999990      -0.101434993500851     
   6.94999999999990      -0.100259698914549     
   6.95999999999990      -9.907818466201343E-002
   6.96999999999990      -9.789057564452212E-002
   6.97999999999990      -9.669699698533152E-002
   6.98999999999990      -9.549757401876226E-002
   6.99999999999990      -9.429243227928498E-002
   7.00999999999989      -9.308169749060534E-002
   7.01999999999989      -9.186549555474967E-002
   7.02999999999989      -9.064395254115193E-002
   7.03999999999989      -8.941719467574323E-002
   7.04999999999989      -8.818534833004443E-002
   7.05999999999989      -8.694854001026305E-002
   7.06999999999989      -8.570689634639526E-002
   7.07999999999989      -8.446054408133398E-002
   7.08999999999989      -8.320961005998379E-002
   7.09999999999989      -8.195422121838379E-002
   7.10999999999989      -8.069450457283929E-002
   7.11999999999989      -7.943058720906306E-002
   7.12999999999989      -7.816259627132724E-002
   7.13999999999989      -7.689065895162675E-002
   7.14999999999989      -7.561490247885511E-002
   7.15999999999989      -7.433545410799351E-002
   7.16999999999989      -7.305244110931418E-002
   7.17999999999989      -7.176599075759875E-002
   7.18999999999989      -7.047623032137276E-002
   7.19999999999989      -6.918328705215687E-002
   7.20999999999989      -6.788728817373606E-002
   7.21999999999989      -6.658836087144733E-002
   7.22999999999989      -6.528663228148708E-002
   7.23999999999989      -6.398222948023889E-002
   7.24999999999989      -6.267527947362263E-002
   7.25999999999989      -6.136590918646573E-002
   7.26999999999989      -6.005424545189762E-002
   7.27999999999989      -5.874041500076802E-002
   7.28999999999989      -5.742454445109016E-002
   7.29999999999989      -5.610676029750956E-002
   7.30999999999989      -5.478718890079949E-002
   7.31999999999989      -5.346595647738372E-002
   7.32999999999989      -5.214318908888764E-002
   7.33999999999989      -5.081901263171842E-002
   7.34999999999989      -4.949355282667523E-002
   7.35999999999989      -4.816693520859013E-002
   7.36999999999989      -4.683928511600084E-002
   7.37999999999989      -4.551072768085573E-002
   7.38999999999989      -4.418138781825248E-002
   7.39999999999989      -4.285139021621055E-002
   7.40999999999989      -4.152085932547895E-002
   7.41999999999989      -4.018991934937965E-002
   7.42999999999989      -3.885869423368770E-002
   7.43999999999989      -3.752730765654875E-002
   7.44999999999989      -3.619588301843493E-002
   7.45999999999989      -3.486454343213975E-002
   7.46999999999989      -3.353341171281286E-002
   7.47999999999988      -3.220261036803555E-002
   7.48999999999988      -3.087226158793764E-002
   7.49999999999988      -2.954248723535677E-002
   7.50999999999988      -2.821340883604058E-002
   7.51999999999988      -2.688514756889288E-002
   7.52999999999988      -2.555782425626429E-002
   7.53999999999988      -2.423155935428839E-002
   7.54999999999988      -2.290647294326393E-002
   7.55999999999988      -2.158268471808398E-002
   7.56999999999988      -2.026031397871280E-002
   7.57999999999988      -1.893947962071106E-002
   7.58999999999988      -1.762030012581028E-002
   7.59999999999988      -1.630289355253720E-002
   7.60999999999988      -1.498737752688873E-002
   7.61999999999988      -1.367386923305840E-002
   7.62999999999988      -1.236248540421480E-002
   7.63999999999988      -1.105334231333299E-002
   7.64999999999988      -9.746555764079347E-003
   7.65999999999988      -8.442241081750733E-003
   7.66999999999988      -7.140513104268659E-003
   7.67999999999988      -5.841486173229065E-003
   7.68999999999988      -4.545274125008501E-003
   7.69999999999988      -3.251990281927363E-003
   7.70999999999988      -1.961747443470880E-003
   7.71999999999988      -6.746578775684809E-004
   7.72999999999988       6.091666880677005E-004
   7.73999999999988       1.889615074544584E-003
   7.74999999999988       3.166576660329498E-003
   7.75999999999988       4.439941389730416E-003
   7.76999999999988       5.709599781314532E-003
   7.77999999999988       6.975442936264408E-003
   7.78999999999988       8.237362546671179E-003
   7.79999999999988       9.495250903764088E-003
   7.80999999999988       1.074900090607578E-002
   7.81999999999988       1.199850606754270E-002
   7.82999999999988       1.324366052554008E-002
   7.83999999999988       1.448435904885071E-002
   7.84999999999988       1.572049704556714E-002
   7.85999999999988       1.695197057092654E-002
   7.86999999999988       1.817867633507771E-002
   7.87999999999988       1.940051171077960E-002
   7.88999999999988       2.061737474103091E-002
   7.89999999999988       2.182916414662995E-002
   7.90999999999988       2.303577933366454E-002
   7.91999999999988       2.423712040093103E-002
   7.92999999999988       2.543308814728219E-002
   7.93999999999988       2.662358407890329E-002
   7.94999999999987       2.780851041651583E-002
   7.95999999999987       2.898777010250845E-002
   7.96999999999987       3.016126680799449E-002
   7.97999999999987       3.132890493979561E-002
   7.98999999999987       3.249058964735116E-002
   7.99999999999987       3.364622682955250E-002
   8.00999999999987       3.479572314150207E-002
   8.01999999999987       3.593898600119662E-002
   8.02999999999987       3.707592359613398E-002
   8.03999999999987       3.820644488984317E-002
   8.04999999999987       3.933045962833717E-002
   8.05999999999987       4.044787834648798E-002
   8.06999999999987       4.155861237432355E-002
   8.07999999999987       4.266257384324602E-002
   8.08999999999987       4.375967569217108E-002
   8.09999999999987       4.484983167358760E-002
   8.10999999999987       4.593295635953769E-002
   8.11999999999987       4.700896514751617E-002
   8.12999999999987       4.807777426628956E-002
   8.13999999999987       4.913930078163383E-002
   8.14999999999987       5.019346260199074E-002
   8.15999999999987       5.124017848404227E-002
   8.16999999999987       5.227936803820282E-002
   8.17999999999987       5.331095173402879E-002
   8.18999999999987       5.433485090554526E-002
   8.19999999999987       5.535098775648920E-002
   8.20999999999987       5.635928536546920E-002
   8.21999999999987       5.735966769104103E-002
   8.22999999999987       5.835205957669900E-002
   8.23999999999987       5.933638675578261E-002
   8.24999999999987       6.031257585629826E-002
   8.25999999999987       6.128055440565566E-002
   8.26999999999987       6.224025083531870E-002
   8.27999999999987       6.319159448537051E-002
   8.28999999999987       6.413451560899226E-002
   8.29999999999987       6.506894537685574E-002
   8.30999999999987       6.599481588142904E-002
   8.31999999999987       6.691206014119547E-002
   8.32999999999987       6.782061210478522E-002
   8.33999999999987       6.872040665501966E-002
   8.34999999999987       6.961137961286783E-002
   8.35999999999987       7.049346774131518E-002
   8.36999999999987       7.136660874914418E-002
   8.37999999999987       7.223074129462655E-002
   8.38999999999987       7.308580498912705E-002
   8.39999999999987       7.393174040061845E-002
   8.40999999999987       7.476848905710771E-002
   8.41999999999986       7.559599344997298E-002
   8.42999999999986       7.641419703721139E-002
   8.43999999999986       7.722304424659743E-002
   8.44999999999986       7.802248047875175E-002
   8.45999999999986       7.881245211012021E-002
   8.46999999999986       7.959290649586305E-002
   8.47999999999986       8.036379197265421E-002
   8.48999999999986       8.112505786139035E-002
   8.49999999999986       8.187665446980973E-002
   8.50999999999986       8.261853309502078E-002
   8.51999999999986       8.335064602594014E-002
   8.52999999999986       8.407294654564029E-002
   8.53999999999986       8.478538893360649E-002
   8.54999999999986       8.548792846790296E-002
   8.55999999999986       8.618052142724852E-002
   8.56999999999986       8.686312509300123E-002
   8.57999999999986       8.753569775105220E-002
   8.58999999999986       8.819819869362855E-002
   8.59999999999986       8.885058822100537E-002
   8.60999999999986       8.949282764312673E-002
   8.61999999999986       9.012487928113572E-002
   8.62999999999986       9.074670646881342E-002
   8.63999999999986       9.135827355392695E-002
   8.64999999999986       9.195954589948649E-002
   8.65999999999986       9.255048988491120E-002
   8.66999999999986       9.313107290710444E-002
   8.67999999999986       9.370126338143771E-002
   8.68999999999986       9.426103074264397E-002
   8.69999999999986       9.481034544561996E-002
   8.70999999999986       9.534917896613770E-002
   8.71999999999986       9.587750380146537E-002
   8.72999999999986       9.639529347089733E-002
   8.73999999999986       9.690252251619369E-002
   8.74999999999986       9.739916650192931E-002
   8.75999999999986       9.788520201575232E-002
   8.76999999999986       9.836060666855238E-002
   8.77999999999986       9.882535909453870E-002
   8.78999999999986       9.927943895122790E-002
   8.79999999999986       9.972282691934202E-002
   8.80999999999986       0.100155504702616     
   8.81999999999986       0.100577455027518     
   8.82999999999986       0.100988661642876     
   8.83999999999986       0.101389109319416     
   8.84999999999986       0.101778783849217     
   8.85999999999986       0.102157672045067     
   8.86999999999986       0.102525761739739     
   8.87999999999986       0.102883041785170     
   8.88999999999985       0.103229502051560     
   8.89999999999985       0.103565133426378     
   8.90999999999985       0.103889927813276     
   8.91999999999985       0.104203878130926     
   8.92999999999985       0.104506978311758     
   8.93999999999985       0.104799223300616     
   8.94999999999985       0.105080609053328     
   8.95999999999985       0.105351132535185     
   8.96999999999985       0.105610791719339     
   8.97999999999985       0.105859585585104     
   8.98999999999985       0.106097514116185     
   8.99999999999985       0.106324578298810     
   9.00999999999985       0.106540780119779     
   9.01999999999985       0.106746122564432     
   9.02999999999985       0.106940609614528     
   9.03999999999985       0.107124246246036     
   9.04999999999985       0.107297038426851     
   9.05999999999985       0.107458993114416     
   9.06999999999985       0.107610118253266     
   9.07999999999985       0.107750422772489     
   9.08999999999985       0.107879916583096     
   9.09999999999985       0.107998610575321     
   9.10999999999985       0.108106516615827     
   9.11999999999985       0.108203647544836     
   9.12999999999985       0.108290017173174     
   9.13999999999985       0.108365640279239     
   9.14999999999985       0.108430532605884     
   9.15999999999985       0.108484710857220     
   9.16999999999985       0.108528192695340     
   9.17999999999985       0.108560996736963     
   9.18999999999985       0.108583142549998     
   9.19999999999985       0.108594650650030     
   9.20999999999985       0.108595542496725     
   9.21999999999985       0.108585840490161     
   9.22999999999985       0.108565567967074     
   9.23999999999985       0.108534749197040     
   9.24999999999985       0.108493409378562     
   9.25999999999985       0.108441574635098     
   9.26999999999985       0.108379272010999     
   9.27999999999985       0.108306529467383     
   9.28999999999985       0.108223375877927     
   9.29999999999985       0.108129841024586     
   9.30999999999985       0.108025955593236     
   9.31999999999985       0.107911751169250     
   9.32999999999985       0.107787260232995     
   9.33999999999985       0.107652516155257     
   9.34999999999985       0.107507553192593     
   9.35999999999984       0.107352406482620     
   9.36999999999984       0.107187112039218     
   9.37999999999984       0.107011706747678     
   9.38999999999984       0.106826228359768     
   9.39999999999984       0.106630715488734     
   9.40999999999984       0.106425207604239     
   9.41999999999984       0.106209745027216     
   9.42999999999984       0.105984368924675     
   9.43999999999984       0.105749121304424     
   9.44999999999984       0.105504045009736     
   9.45999999999984       0.105249183713940     
   9.46999999999984       0.104984581914958     
   9.47999999999984       0.104710284929762     
   9.48999999999984       0.104426338888782     
   9.49999999999984       0.104132790730241     
   9.50999999999984       0.103829688194424     
   9.51999999999984       0.103517079817895     
   9.52999999999984       0.103195014927646     
   9.53999999999984       0.102863543635177     
   9.54999999999984       0.102522716830532     
   9.55999999999984       0.102172586176259     
   9.56999999999984       0.101813204101319     
   9.57999999999984       0.101444623794934     
   9.58999999999984       0.101066899200374     
   9.59999999999984       0.100680085008694     
   9.60999999999984       0.100284236652400     
   9.61999999999984       9.987941029907405E-002
   9.62999999999984       9.946566284493438E-002
   9.63999999999984       9.904305190834095E-002
   9.64999999999984       9.861163582324915E-002
   9.65999999999984       9.817147363260802E-002
   9.66999999999984       9.772262508170564E-002
   9.67999999999984       9.726515061146188E-002
   9.68999999999984       9.679911135166938E-002
   9.69999999999984       9.632456911418318E-002
   9.70999999999984       9.584158638606000E-002
   9.71999999999984       9.535022632264747E-002
   9.72999999999984       9.485055274062448E-002
   9.73999999999984       9.434263011099273E-002
   9.74999999999984       9.382652355202070E-002
   9.75999999999984       9.330229882214056E-002
   9.76999999999984       9.277002231279848E-002
   9.77999999999984       9.222976104125949E-002
   9.78999999999984       9.168158264336719E-002
   9.79999999999984       9.112555536625928E-002
   9.80999999999984       9.056174806103939E-002
   9.81999999999984       8.999023017540625E-002
   9.82999999999983       8.941107174624049E-002
   9.83999999999983       8.882434339215028E-002
   9.84999999999983       8.823011630597602E-002
   9.85999999999983       8.762846224725519E-002
   9.86999999999983       8.701945353464803E-002
   9.87999999999983       8.640316303832446E-002
   9.88999999999983       8.577966417231352E-002
   9.89999999999983       8.514903088681552E-002
   9.90999999999983       8.451133766047801E-002
   9.91999999999983       8.386665949263614E-002
   9.92999999999983       8.321507189551820E-002
   9.93999999999983       8.255665088641713E-002
   9.94999999999983       8.189147297982854E-002
   9.95999999999983       8.121961517955636E-002
   9.96999999999983       8.054115497078652E-002
   9.97999999999983       7.985617031212952E-002
   9.98999999999983       7.916473962763278E-002
   9.99999999999983       7.846694179876337E-002
