  -16.0000000000000      -0.957659480323385       0.287903316665065                          NaN                     NaN -0.292036732051034     
  -15.9500000000000      -0.970851823939882       0.239680487217055                          NaN                     NaN -0.242036732051033     
  -15.9000000000000      -0.981617543606385       0.190858581374188                          NaN                     NaN -0.192036732051032     
  -15.8500000000000      -0.989929730630406       0.141559628475112                          NaN                     NaN -0.142036732051032     
  -15.8000000000000      -0.995767608873289       9.190685022767811E-002                     NaN                     NaN -9.203673205103098E-002
  -15.7500000000000      -0.999116586679734       4.202435271883725E-002                     NaN                     NaN -4.203673205103026E-002
  -15.7000000000000      -0.999968293349340      -7.963183785940896E-003                     NaN                     NaN  7.963267948970457E-003
  -15.6500000000000      -0.998320600058992      -5.793081647840013E-002                     NaN                     NaN  5.796326794897116E-002
  -15.6000000000000      -0.994177625183815      -0.107753652299449                          NaN                     NaN  0.107963267948972     
  -15.5500000000000      -0.987549724003376      -0.157307160106767                          NaN                     NaN  0.157963267948973     
  -15.5000000000000      -0.978453462818883      -0.206467481937804                          NaN                     NaN  0.207963267948973     
  -15.4500000000000      -0.966911577546055      -0.255111742590181                          NaN                     NaN  0.257963267948974     
  -15.4000000000000      -0.952952916887178      -0.303118356745711                          NaN                     NaN  0.307963267948975     
  -15.3500000000000      -0.936612370224367      -0.350367332870364                          NaN                     NaN  0.357963267948975     
  -15.3000000000000      -0.917930780414289      -0.396740573130622                          NaN                     NaN  0.407963267948976     
  -15.2500000000000      -0.896954841702284      -0.442122168576549                          NaN                     NaN  0.457963267948977     
  -15.2000000000000      -0.873736983011075      -0.486398688853809                          NaN                     NaN  0.507963267948978     
  -15.1500000000000      -0.848335236895762      -0.529459465720475                          NaN                     NaN  0.557963267948978     
  -15.1000000000000      -0.820813094492661      -0.571196869659999                          NaN                     NaN  0.607963267948979     
  -15.0500000000000      -0.791239346824524      -0.611506578898952                          NaN                     NaN  0.657963267948980     
  -15.0000000000000      -0.759687912858812      -0.650287840157128                          NaN                     NaN  0.707963267948980     
  -14.9500000000000      -0.726237654748770      -0.687443720478271                          NaN                     NaN  0.757963267948981     
  -14.9000000000000      -0.690972180719114      -0.722881349511987                          NaN                     NaN  0.807963267948982     
  -14.8500000000000      -0.653979636089017      -0.756512151641253                          NaN                     NaN  0.857963267948982     
  -14.8000000000000      -0.615352482954707      -0.788252067375327                          NaN                     NaN  0.907963267948983     
  -14.7500000000000      -0.575187269082388      -0.818021763454704                          NaN                     NaN  0.957963267948984     
  -14.7000000000000      -0.533584386589103      -0.845746831142944                          NaN                     NaN   1.00796326794898     
  -14.6500000000000      -0.490647821014721      -0.871357972209761                          NaN                     NaN   1.05796326794899     
  -14.6000000000000      -0.446484891412248      -0.894791172140513                          NaN                     NaN   1.10796326794899     
  -14.5500000000000      -0.401205982106081      -0.915987860139148                          NaN                     NaN   1.15796326794899     
  -14.5000000000000      -0.354924266788685      -0.934895055524691                          NaN                     NaN   1.20796326794899     
  -14.4500000000000      -0.307755425645302      -0.951465500155354                          NaN                     NaN   1.25796326794899     
  -14.4000000000000      -0.259817356213734      -0.965657776549284                          NaN                     NaN   1.30796326794899     
  -14.3500000000000      -0.211229878701894      -0.977436411406687                          NaN                     NaN   1.35796326794899     
  -14.3000000000000      -0.162114436499694      -0.986771964274617                          NaN                     NaN   1.40796326794899     
  -14.2500000000000      -0.112593792633811      -0.993641101132765                          NaN                     NaN   1.45796326794899     
  -14.2000000000000      -6.279172292405694E-002 -0.998026652716363                          NaN                     NaN   1.50796326794899     
  -14.1500000000000      -1.283270660829011E-002 -0.999917657430403                          NaN                     NaN   1.55796326794899     
  -14.1000000000000       3.715838479085303E-002 -0.999309388747917       0.192765102627143       -3.29256583231991       -1.53362938564080     
  -14.0500000000000       8.705659957973175E-002 -0.996203367023829       0.295053553748691       -2.44119680197443       -1.48362938564080     
  -14.0000000000000       0.136737218207862      -0.990607355694866       0.369779959175537       -1.98969431036394       -1.43362938564080     
  -13.9500000000000       0.186076065001839      -0.982535341875004       0.431365349792770       -1.68159973724407       -1.38362938564080     
  -13.9000000000000       0.234949818539852      -0.972007501394969       0.484716224754085       -1.44838332576878       -1.33362938564080     
  -13.8500000000000       0.283236319891017      -0.959050148373167       0.532199511359243       -1.26147367718293       -1.28362938564080     
  -13.8000000000000       0.330814877949077      -0.943695669444094       0.575165087561021       -1.10619634118171       -1.23362938564080     
  -13.7500000000000       0.377566571097323      -0.925982442808615       0.614464458774731      -0.974008378562734       -1.18362938564080     
  -13.7000000000000       0.423374544450694      -0.905954742308448       0.650672378736561      -0.859498043839597       -1.13362938564079     
  -13.6500000000000       0.468124301932140      -0.883662626764619       0.684196099033121      -0.759021415911467       -1.08362938564079     
  -13.6000000000000       0.511703992453178      -0.859161814856479       0.715334881334035      -0.670008960869737       -1.03362938564079     
  -13.5500000000000       0.554004689483371      -0.832513545854020       0.744314912844940      -0.590582127499251      -0.983629385640792     
  -13.5000000000000       0.594920663309921      -0.803784426551600       0.771311002974754      -0.519327221301862      -0.933629385640792     
  -13.4500000000000       0.634349645306887      -0.773046264785638       0.796460699160283      -0.455154985539869      -0.883629385640791     
  -13.4000000000000       0.672193083553496      -0.740375889952424       0.819873821727158      -0.397209653012892      -0.833629385640790     
  -13.3500000000000       0.708356389162611      -0.705854960974638       0.841639108622342      -0.344807937415411      -0.783629385640789     
  -13.3000000000000       0.742749172703696      -0.669569762196573       0.861828969519879      -0.297396878468791      -0.733629385640789     
  -13.2500000000000       0.775285470129313      -0.631610987718208       0.880502964293314      -0.254523968898512      -0.683629385640788     
  -13.2000000000000       0.805883957640474      -0.592073514707191       0.897710397422506      -0.215815519991415      -0.633629385640787     
  -13.1500000000000       0.834468154953786      -0.551056166255332       0.913492285109067      -0.180960697238957      -0.583629385640786     
  -13.1000000000000       0.860966616462327      -0.508661464372339       0.927882867856890      -0.149699548288296      -0.533629385640786     
  -13.0500000000000       0.885313109812459      -0.464995373734183       0.940910787382342      -0.121813900147137      -0.483629385640785     
  -13.0000000000000       0.907446781450214      -0.420167036826602       0.952600011258773      -9.712035759276794E-002 -0.433629385640784     
  -12.9500000000000       0.927312308723492      -0.374288501145717       0.962970564827135      -7.546486754088598E-002 -0.383629385640784     
  -12.9000000000000       0.944860038159875      -0.327474439137651       0.972039113492803      -5.671847022476060E-002 -0.333629385640783     
  -12.8500000000000       0.960046109574454      -0.279841861577132       0.979819427024416      -4.077396486697400E-002 -0.283629385640782     
  -12.8000000000000       0.972832565697446      -0.231509825101494       0.986322749254749      -2.754329207906523E-002 -0.233629385640782     
  -12.7500000000000       0.983187447047600      -0.182599134631089       0.991558090606698      -1.695548825730045E-002 -0.183629385640781     
  -12.7000000000000       0.991084871814259      -0.133232041419896       0.995532456434374      -8.955105721628795E-003 -0.133629385640780     
  -12.6500000000000       0.996505100548406      -8.353193749106039E-002  0.998251020810100      -3.501020879359871E-003 -8.362938564077944E-002
  -12.6000000000000       0.999434585501006      -3.362304722108876E-002  0.999717252777507      -5.655744060501331E-004 -3.362938564077873E-002
  -12.5500000000000       0.999866004485324       1.636988315639110E-002  0.999932999998162      -1.340044928769777E-004  1.637061435922198E-002
  -12.5000000000000       0.997798279178577       6.632189735125031E-002  0.998898532974484      -2.204148172264150E-003  6.637061435922269E-002
  -12.4499999999999       0.993236577817183       0.116108141342508       0.996612551504938      -6.786397776991190E-003  0.116370614359223     
  -12.3999999999999       0.986192302278855       0.165604175448360       0.993072153611637      -1.390391065873783E-002  0.166370614359224     
  -12.3499999999999       0.976683059583853       0.214686285360579       0.988272765780709      -2.359308122314685E-002  0.216370614359225     
  -12.2999999999999       0.964732617886596       0.263231791365852       0.982208031878479      -3.590429594714523E-002  0.266370614359226     
  -12.2499999999999       0.950370847067657       0.311119354981178       0.974869656450367      -5.090300522589912E-002  0.316370614359226     
  -12.1999999999999       0.933633644074618       0.358229282236878       0.966247196153561      -6.867116173256473E-002  0.366370614359227     
  -12.1499999999999       0.914562843198395       0.404443822849190       0.956327790665102      -8.930909486992132E-002  0.416370614359228     
  -12.0999999999999       0.893206111509298       0.449647464534651       0.945095821337338      -0.112937916776558       0.466370614359228     
  -12.0499999999999       0.869616829714177       0.493727221730647       0.932532481854749      -0.139702589965244       0.516370614359229     
  -11.9999999999999       0.843853958732462       0.536572918000483       0.918615239767152      -0.169775834035585       0.566370614359230     
  -11.9499999999999       0.815981892324561       0.578077461417091       0.903317160428474      -0.203363115042974       0.616370614359231     
  -11.8999999999999       0.786070296141003       0.618137112237079       0.886606054649416      -0.240709055258131       0.666370614359231     
  -11.8499999999999       0.754193933594589       0.656651742196059       0.868443396885824      -0.282105737687194       0.716370614359232     
  -11.7999999999999       0.720432478990797       0.693525084777166       0.848782939856119      -0.327903582034214       0.766370614359233     
  -11.7499999999999       0.684870318383509       0.728664975827211       0.827568920624445      -0.378525774870945       0.816370614359233     
  -11.6999999999999       0.647596338653830       0.761983583919072       0.804733706671859      -0.434487710910158       0.866370614359234     
  -11.6499999999999       0.608703705339169       0.793397629884515       0.780194658619994      -0.496423656201345       0.916370614359235     
  -11.5999999999999       0.568289629767922       0.822828594968744       0.753849872168141      -0.565124078658466       0.966370614359236     
  -11.5499999999999       0.526455126081774       0.850202917086400       0.725572274884986      -0.641589181654357        1.01637061435924     
  -11.4999999999999       0.483304758752950       0.875452174688459       0.695201236156086      -0.727107853804755        1.06637061435924     
  -11.4499999999999       0.438946381227496       0.898513257780477       0.662530287026560      -0.823378011800420        1.11637061435924     
  -11.3999999999999       0.393490866347830       0.919328525664702       0.627288503280453      -0.932697422708347        1.16637061435924     
  -11.3499999999999       0.347051829228377       0.937845951011805       0.589111049996838       -1.05828114641840        1.21637061435924     
  -11.2999999999999       0.299745343276951       0.954019249902109       0.547490039431724       -1.20482202055148        1.26637061435924     
  -11.2499999999999       0.251689650071689       0.967807997511278       0.501686804761386       -1.37955849778291        1.31637061435924     
  -11.1999999999999       0.203004863818684       0.979177729151331       0.450560610593829       -1.59452534052943        1.36637061435924     
  -11.1499999999999       0.153812671129022       0.988100026414409       0.392189585696793       -1.87201983824946        1.41637061435924     
  -11.0999999999999       0.104236026865628       0.994552588203996       0.322856046661090       -2.26109746214878        1.46637061435924     
  -11.0499999999999       5.439884682014316E-002  0.998519286476049       0.233235603671788       -2.91141232350406        1.51637061435924     
  -10.9999999999999       4.425697987979732E-003  0.999990206550704       6.652591967030394E-002  -5.42032727556493        1.56637061435924     
  -10.9499999999999      -4.555851278429468E-002  0.998961671893814                          NaN                     NaN  -1.52522203923055     
  -10.8999999999999      -9.542885100102315E-002  0.995436253306370                          NaN                     NaN  -1.47522203923055     
  -10.8499999999999      -0.145060666788634       0.989422762498841                          NaN                     NaN  -1.42522203923055     
  -10.7999999999999      -0.194329906455408       0.980936230066477                          NaN                     NaN  -1.37522203923055     
  -10.7499999999999      -0.243113422561102       0.969997867920660                          NaN                     NaN  -1.32522203923055     
  -10.6999999999999      -0.291289281721417       0.956635016270166                          NaN                     NaN  -1.27522203923054     
  -10.6499999999999      -0.338737069377953       0.940881075284882                          NaN                     NaN  -1.22522203923054     
  -10.5999999999999      -0.385338190771900       0.922775421612777                          NaN                     NaN  -1.17522203923054     
  -10.5499999999999      -0.430976167369168       0.902363309958790                          NaN                     NaN  -1.12522203923054     
  -10.4999999999999      -0.475536927996061       0.879695759971633                          NaN                     NaN  -1.07522203923054     
  -10.4499999999999      -0.518909093957809       0.854829428721242                          NaN                     NaN  -1.02522203923054     
  -10.3999999999999      -0.560984257427295       0.827826469085609                          NaN                     NaN -0.975222039230541     
  -10.3499999999999      -0.601657252408166       0.798754374400952                          NaN                     NaN -0.925222039230540     
  -10.2999999999999      -0.640826417595056       0.767685809763530                          NaN                     NaN -0.875222039230539     
  -10.2499999999999      -0.678393850473905       0.734698430404740                          NaN                     NaN -0.825222039230539     
  -10.1999999999999      -0.714265652027257       0.699874687593484                          NaN                     NaN -0.775222039230538     
  -10.1499999999999      -0.748352161432902       0.663301622550935                          NaN                     NaN -0.725222039230537     
  -10.0999999999999      -0.780568180169236       0.625070648892817                          NaN                     NaN -0.675222039230536     
  -10.0499999999999      -0.810833184967197       0.585277324142967                          NaN                     NaN -0.625222039230536     
  -9.99999999999991      -0.839071529076499       0.544021110889298                          NaN                     NaN -0.575222039230535     
  -9.94999999999991      -0.865212631343115       0.501405128179124                          NaN                     NaN -0.525222039230534     
  -9.89999999999991      -0.889191152625401       0.457535893775244                          NaN                     NaN -0.475222039230534     
  -9.84999999999991      -0.910947159107923       0.412523057917013                          NaN                     NaN -0.425222039230533     
  -9.79999999999991      -0.930426272104786       0.366479129251846                          NaN                     NaN -0.375222039230532     
  -9.74999999999991      -0.947579803978022       0.319519193622190                          NaN                     NaN -0.325222039230532     
  -9.69999999999991      -0.962364879831334       0.271760626410857                          NaN                     NaN -0.275222039230531     
  -9.64999999999991      -0.974744544675010       0.223322799163696                          NaN                     NaN -0.225222039230530     
  -9.59999999999991      -0.984687855794143       0.174326781222890                          NaN                     NaN -0.175222039230529     
  -9.54999999999991      -0.992169960089312       0.124895037116661                          NaN                     NaN -0.125222039230529     
  -9.49999999999991      -0.997172156196385       7.515112046171719E-002                     NaN                     NaN -7.522203923052791E-002
  -9.44999999999991      -0.999681941230187       2.521936514356638E-002                     NaN                     NaN -2.522203923052720E-002
  -9.39999999999991      -0.999693042035204      -2.477542545345188E-002                     NaN                     NaN  2.477796076947351E-002
  -9.34999999999991      -0.997205430865205      -7.470829038962867E-002                     NaN                     NaN  7.477796076947422E-002
  -9.29999999999990      -0.992225325452592      -0.124454423507157                          NaN                     NaN  0.124777960769475     
  -9.24999999999990      -0.984765173467307      -0.173889485380528                          NaN                     NaN  0.174777960769476     
  -9.19999999999990      -0.974843621404142      -0.222889914100341                          NaN                     NaN  0.224777960769476     
  -9.14999999999990      -0.962485467976211      -0.271333234113727                          NaN                     NaN  0.274777960769477     
  -9.09999999999990      -0.947721602131081      -0.319098362349445                          NaN                     NaN  0.324777960769478     
  -9.04999999999990      -0.930588925844492      -0.366065910862504                          NaN                     NaN  0.374777960769479     
  -8.99999999999990      -0.911130261884636      -0.412118485241847                          NaN                     NaN  0.424777960769479     
  -8.94999999999990      -0.889394246777536      -0.457140978035244                          NaN                     NaN  0.474777960769480     
  -8.89999999999990      -0.865435209241062      -0.501020856457972                          NaN                     NaN  0.524777960769481     
  -8.84999999999990      -0.839313034391429      -0.543648443666173                          NaN                     NaN  0.574777960769481     
  -8.79999999999990      -0.811093014061596      -0.584917192891845                          NaN                     NaN  0.624777960769482     
  -8.74999999999990      -0.780845683605685      -0.624723953754273                          NaN                     NaN  0.674777960769483     
  -8.69999999999990      -0.748646645597330      -0.662969230082260                          NaN                     NaN  0.724777960769484     
  -8.64999999999990      -0.714576380862619      -0.699557428602743                          NaN                     NaN  0.774777960769484     
  -8.59999999999989      -0.678720047319936      -0.734397097874185                          NaN                     NaN  0.824777960769485     
  -8.54999999999989      -0.641167267129520      -0.767401156867556                          NaN                     NaN  0.874777960769486     
  -8.49999999999989      -0.602011902684738      -0.798487112623554                          NaN                     NaN  0.924777960769486     
  -8.44999999999989      -0.561351822004983      -0.827577266442044                          NaN                     NaN  0.974777960769487     
  -8.39999999999989      -0.519288654116593      -0.854598908088337                          NaN                     NaN   1.02477796076949     
  -8.34999999999989      -0.475927535033214      -0.879484497530916                          NaN                     NaN   1.07477796076949     
  -8.29999999999989      -0.431376844970521      -0.902171833756341                          NaN                     NaN   1.12477796076949     
  -8.24999999999989      -0.385747937452120      -0.922604210239383                          NaN                     NaN   1.17477796076949     
  -8.19999999999989      -0.339154860983731      -0.940730556679811                          NaN                     NaN   1.22477796076949     
  -8.14999999999989      -0.291714073991319      -0.956505566651542                          NaN                     NaN   1.27477796076949     
  -8.09999999999989      -0.243544153735683      -0.969889810845114                          NaN                     NaN   1.32477796076949     
  -8.04999999999989      -0.194765499931050      -0.980849835620422                          NaN                     NaN   1.37477796076949     
  -7.99999999999989      -0.145500033808502      -0.989358246623398                          NaN                     NaN   1.42477796076949     
  -7.94999999999989      -9.587089337638553E-002 -0.995393777257631                          NaN                     NaN   1.47477796076949     
  -7.89999999999989      -4.600212563942427E-002 -0.998941341839777                          NaN                     NaN   1.52477796076949     
  -7.84999999999989       3.981623454191649E-003 -0.999992073305918       6.310010660998640E-002  -5.52606563979240       -1.56681469282030     
  -7.79999999999989       5.395542056276150E-002 -0.998543345374599       0.232283061291093       -2.91959711850195       -1.51681469282030     
  -7.74999999999989       0.103794357219364      -0.994598779111164       0.322171316568319       -2.26534367177653       -1.46681469282030     
  -7.69999999999989       0.153373862037975      -0.988168233876983       0.391629751216599       -1.87487679545389       -1.41681469282030     
  -7.64999999999989       0.202570012077054      -0.979267782686177       0.450077784474033       -1.59666971353726       -1.36681469282030     
  -7.59999999999989       0.251259842582363      -0.967919672031458       0.501258259365732       -1.38126764591898       -1.31681469282030     
  -7.54999999999989       0.299321654334813      -0.954152266279482       0.547102965021040       -1.20623651680806       -1.26681469282030     
  -7.49999999999989       0.346635317835130      -0.937999976774700       0.588757435481820       -1.05948200892555       -1.21681469282030     
  -7.44999999999989       0.393082573565043      -0.919503175828927       0.626962976231486      -0.933735578330543       -1.16681469282030     
  -7.39999999999989       0.438547327574490      -0.898708095811578       0.662229059747826      -0.824287542379416       -1.11681469282030     
  -7.34999999999989       0.482915941656034      -0.875666713592829       0.694921536330566      -0.727912674313648       -1.06681469282030     
  -7.29999999999989       0.526077517381199      -0.850436620628506       0.725312013812814      -0.642306705655386       -1.01681469282030     
  -7.24999999999989       0.567924173288786      -0.823080879011443       0.753607439778022      -0.565767366903612      -0.966814692820303     
  -7.19999999999989       0.608351314532342      -0.793667863849086       0.779968790742515      -0.497002743935131      -0.916814692820304     
  -7.14999999999989       0.647257894312808      -0.762271092361340       0.804523395752297      -0.435010463726827      -0.866814692820304     
  -7.09999999999989       0.684546666442886      -0.728969040125801       0.827373353718191      -0.378998460620041      -0.816814692820304     
  -7.04999999999989       0.720124428411870      -0.693844944929685       0.848601454401222      -0.328331264664507      -0.766814692820304     
  -6.99999999999989       0.753902254343376      -0.656986598718707       0.868275448428306      -0.282492555527041      -0.716814692820304     
  -6.94999999999989       0.785795717263729      -0.618486128162938       0.886451192826615      -0.241058422033321      -0.666814692820304     
  -6.89999999999989       0.815725100125420      -0.578439764388111       0.903175010795483      -0.203677867878438      -0.616814692820305     
  -6.84999999999989       0.843615595058218      -0.536947602447920       0.918485489846311      -0.170058344229969      -0.566814692820305     
  -6.79999999999989       0.869397490349879      -0.494113351138514       0.932414870296414      -0.139954847077714      -0.516814692820305     
  -6.74999999999989       0.893006344689125      -0.450044073780521       0.944990129413596      -0.113161593215844      -0.466814692820305     
  -6.69999999999989       0.914383148235363      -0.404849920616499       0.956233835541999      -8.950559598526524E-002 -0.416814692820305     
  -6.64999999999989       0.933474470112551      -0.358643853492699       0.966164825540938      -6.884166494150447E-002 -0.366814692820306     
  -6.59999999999989       0.950232591958563      -0.311541363513276       0.974798744335754      -5.104849071382250E-002 -0.316814692820306     
  -6.54999999999989       0.964615627196246      -0.263660182372675       0.982148475127995      -3.602557077743133E-002 -0.266814692820306     
  -6.49999999999989       0.976587625728047      -0.215119988087711       0.988224481445409      -2.369079820277484E-002 -0.216814692820306     
  -6.44999999999989       0.986118663792530      -0.166042105864851       0.993035076818805      -1.397858294685647E-002 -0.166814692820306     
  -6.39999999999989       0.993184918758205      -0.116549204850387       0.996586633844848      -6.838409959781321E-003 -0.116814692820306     
  -6.34999999999989       0.997768728667691      -6.676499152144913E-002  0.998883741317122      -2.233764327243790E-003 -6.681469282030660E-002
  -6.29999999999989       0.999858636383417      -1.681390048424315E-002  0.999929315693573      -1.413736093608136E-004 -1.681469282030676E-002
  -6.24999999999989       0.999449418224496       3.317921654766334E-002  0.999724671209276      -5.507334013074043E-004  3.318530717969306E-002
  -6.19999999999989       0.996542097023209       8.308940281760262E-002  0.998269551285227      -3.463895341287837E-003  8.318530717969289E-002
  -6.14999999999989       0.991143939568455       0.132791908852622       0.995562122405455      -8.895508409881845E-003  0.133185307179693     
  -6.09999999999989       0.983268438442565       0.182162504272200       0.991598930234682      -1.687311529830503E-002  0.183185307179693     
  -6.04999999999989       0.972935278296873       0.231077788299495       0.986374816333463      -2.743771668903154E-002  0.233185307179692     
  -5.99999999999989       0.960170286650336       0.279415498199027       0.979882792302394      -4.064462832313528E-002  0.283185307179692     
  -5.94999999999989       0.945005369334193       0.327054814869841       0.972113866444766      -5.656466966941112E-002  0.333185307179692     
  -5.89999999999989       0.927478430743996       0.373876664830334       0.963056815948050      -7.528574003349225E-002  0.383185307179692     
  -5.84999999999989       0.907633279098369       0.419764017839955       0.952697894979499      -9.691485960635408E-002  0.433185307179692     
  -5.79999999999990       0.885519516941270       0.464602179413850       0.941020465739864      -0.121580781413466       0.483185307179691     
  -5.74999999999990       0.861192417161468       0.508279077499349       0.928004535097468      -0.149437318498799       0.533185307179691     
  -5.69999999999990       0.834712784839102       0.550685542597725       0.913626173464345      -0.180667583555190       0.583185307179691     
  -5.64999999999990       0.806146805264654       0.591715580631094       0.897856784384154      -0.215489412534215       0.633185307179691     
  -5.59999999999990       0.775565878510184       0.631266637872402       0.880662181832616      -0.254162350250570       0.683185307179691     
  -5.54999999999990       0.743046440966340       0.669239857276339       0.862001415872584      -0.296996731552383       0.733185307179691     
  -5.49999999999990       0.708669774291187       0.705540325570466       0.841825263514458      -0.344365623586962       0.783185307179690     
  -5.44999999999990       0.672521802248389       0.740077310488964       0.820074266300552      -0.396720748331443       0.833185307179690     
  -5.39999999999990       0.634692875942554       0.772764487556053       0.796676142445947      -0.454614057023624       0.883185307179690     
  -5.34999999999990       0.595277547988523       0.803520155852217       0.771542317691339      -0.518727514990912       0.933185307179690     
  -5.29999999999990       0.554374336179075       0.832267442223958       0.744563184813133      -0.589915123341197       0.983185307179690     
  -5.24999999999990       0.512085477241752       0.858934493426645       0.715601479345699      -0.669263720139055        1.03318530717969     
  -5.19999999999990       0.468516671300286       0.883454655720201       0.684482776481838      -0.758183593517804        1.08318530717969     
  -5.14999999999990       0.423776817679335       0.905766641468748       0.650981426524087      -0.858548335731084        1.13318530717969     
  -5.09999999999990       0.377977742712886       0.925814682327771       0.614798944951019      -0.972919966808088        1.18318530717969     
  -5.04999999999990       0.331233920236657       0.943548668635940       0.575529252285805       -1.10493044554173        1.23318530717969     
  -4.99999999999990       0.283662185463128       0.958924274663167       0.532599460629776       -1.25997123662893        1.28318530717969     
  -4.94999999999990       0.235381442954352       0.971903069401845       0.485161254588979       -1.44654791923298        1.33318530717969     
  -4.89999999999990       0.186512369422475       0.982452612624351       0.431870778616099       -1.67925771811650        1.38318530717969     
  -4.84999999999990       0.137177112100807       0.990546535966727       0.370374286500571       -1.98648239902928        1.43318530717969     
  -4.79999999999990       8.749898343934553E-002  0.996164608835850       0.295802270848865       -2.43612810352211        1.48318530717969     
  -4.74999999999990       3.760215288787538E-002  0.999292788975382       0.193912745552930       -3.28069397256919        1.53318530717969     
  -4.69999999999990      -1.238866346299180E-002  0.999923257564100                          NaN                     NaN  -1.55840734641011     
  -4.64999999999990      -6.234851460709271E-002  0.998054438758873                          NaN                     NaN  -1.50840734641011     
  -4.59999999999990      -0.112152526935155       0.993691003633453                          NaN                     NaN  -1.45840734641011     
  -4.54999999999990      -0.161676216353786       0.986843858503220                          NaN                     NaN  -1.40840734641011     
  -4.49999999999990      -0.210795799430878       0.977530117665076                          NaN                     NaN  -1.35840734641011     
  -4.44999999999990      -0.259388502789723       0.965773060620613                          NaN                     NaN  -1.30840734641011     
  -4.39999999999990      -0.307332869978515       0.951602073889485                          NaN                     NaN  -1.25840734641011     
  -4.34999999999990      -0.354509065048225       0.935052577558414                          NaN                     NaN  -1.20840734641011     
  -4.29999999999990      -0.400799172080067       0.916165936749415                          NaN                     NaN  -1.15840734641011     
  -4.24999999999990      -0.446087489913882       0.894989358228539                          NaN                     NaN  -1.10840734641011     
  -4.19999999999990      -0.490260821340786       0.871575772413539                          NaN                     NaN  -1.05840734641011     
  -4.14999999999990      -0.533208756037238       0.845983701075393                          NaN                     NaN  -1.00840734641011     
  -4.09999999999990      -0.574823946533350       0.818277111064354                          NaN                     NaN -0.958407346410108     
  -4.04999999999990      -0.615002376525652       0.788525254426134                          NaN                     NaN -0.908407346410108     
  -3.99999999999990      -0.653643620863687       0.756802495307864                          NaN                     NaN -0.858407346410108     
  -3.94999999999990      -0.690651096560579       0.723188124086444                          NaN                     NaN -0.808407346410108     
  -3.89999999999990      -0.725932304200208       0.687766159183902                          NaN                     NaN -0.758407346410109     
  -3.84999999999990      -0.759399059137572       0.650625137065093                          NaN                     NaN -0.708407346410109     
  -3.79999999999990      -0.790967711914477       0.611857890942642                          NaN                     NaN -0.658407346410109     
  -3.74999999999990      -0.820559357339617       0.571561318742264                          NaN                     NaN -0.608407346410109     
  -3.69999999999990      -0.848100031710460       0.529836140908410                          NaN                     NaN -0.558407346410109     
  -3.64999999999990      -0.873520897683985       0.486786648655614                          NaN                     NaN -0.508407346410109     
  -3.59999999999990      -0.896758416334190       0.442520443294765                          NaN                     NaN -0.458407346410110     
  -3.54999999999990      -0.917754505966314       0.397148167285871                          NaN                     NaN -0.408407346410110     
  -3.49999999999990      -0.936456687290830       0.350783227689529                          NaN                     NaN -0.358407346410110     
  -3.44999999999990      -0.952818214594334       0.303541512708337                          NaN                     NaN -0.308407346410110     
  -3.39999999999990      -0.966798192579486       0.255541102026738                          NaN                     NaN -0.258407346410110     
  -3.34999999999990      -0.978361678581954       0.206901971673305                          NaN                     NaN -0.208407346410110     
  -3.29999999999990      -0.987479769908880       0.157745694143153                          NaN                     NaN -0.158407346410111     
  -3.24999999999990      -0.994129676080557       0.108195134530013                          NaN                     NaN -0.108407346410111     
  -3.19999999999990      -0.998294775794759       5.837414342748433E-002                     NaN                     NaN -5.840734641011101E-002
  -3.14999999999990      -0.999964658471343       8.407247367053141E-003                     NaN                     NaN -8.407346410111193E-003
  -3.09999999999990      -0.999135150273275      -4.158066243338589E-002                     NaN                     NaN  4.159265358988862E-002
  -3.04999999999990      -0.995808324539053      -9.146464223253184E-002                     NaN                     NaN  9.159265358988845E-002
  -2.99999999999990      -0.989992496600432      -0.141120008059961                          NaN                     NaN  0.141592653589888     
  -2.94999999999991      -0.981702202998436      -0.190422647361120                          NaN                     NaN  0.191592653589888     
  -2.89999999999991      -0.970958165149568      -0.239249329214074                          NaN                     NaN  0.241592653589888     
  -2.84999999999991      -0.957787237553063      -0.287478012342635                          NaN                     NaN  0.291592653589888     
  -2.79999999999991      -0.942222340668627      -0.334988150155994                          NaN                     NaN  0.341592653589888     
  -2.74999999999991      -0.924302378632428      -0.381660992052419                          NaN                     NaN  0.391592653589887     
  -2.69999999999991      -0.904072142017021      -0.427379880233915                          NaN                     NaN  0.441592653589887     
  -2.64999999999991      -0.881582195878242      -0.472030541289965                          NaN                     NaN  0.491592653589887     
  -2.59999999999991      -0.856888753368899      -0.515501371821544                          NaN                     NaN  0.541592653589887     
  -2.54999999999991      -0.830053535235170      -0.557683717391494                          NaN                     NaN  0.591592653589887     
  -2.49999999999991      -0.801143615546878      -0.598472144104031                          NaN                     NaN  0.641592653589886     
  -2.44999999999991      -0.770231254047248      -0.637764702134575                          NaN                     NaN  0.691592653589886     
  -2.39999999999991      -0.737393715541183      -0.675463180551219                          NaN                     NaN  0.741592653589886     
  -2.34999999999991      -0.702713076773488      -0.711473352790910                          NaN                     NaN  0.791592653589886     
  -2.29999999999991      -0.666276021279755      -0.745705212176782                          NaN                     NaN  0.841592653589886     
  -2.24999999999991      -0.628173622722667      -0.778073196887979                          NaN                     NaN  0.891592653589886     
  -2.19999999999991      -0.588501117255271      -0.808496403819644                          NaN                     NaN  0.941592653589885     
  -2.14999999999991      -0.547357665480194      -0.836898790798548                          NaN                     NaN  0.991592653589885     
  -2.09999999999991      -0.504846104599778      -0.863209366648920                          NaN                     NaN   1.04159265358988     
  -2.04999999999991      -0.461072691376632      -0.887362368633418                          NaN                     NaN   1.09159265358988     
  -1.99999999999991      -0.416146836547059      -0.909297426825720                          NaN                     NaN   1.14159265358989     
  -1.94999999999991      -0.370180831351202      -0.928959715003903                          NaN                     NaN   1.19159265358988     
  -1.89999999999991      -0.323289566863417      -0.946300087687444                          NaN                     NaN   1.24159265358989     
  -1.84999999999991      -0.275590246824425      -0.961275202975325                          NaN                     NaN   1.29159265358989     
  -1.79999999999991      -0.227202094692998      -0.973847630878216                          NaN                     NaN   1.34159265358988     
  -1.74999999999991      -0.178246055649402      -0.983985946873953                          NaN                     NaN   1.39159265358989     
  -1.69999999999991      -0.128844494295433      -0.991664810452480                          NaN                     NaN   1.44159265358989     
  -1.64999999999991      -7.912088880664223E-002 -0.996865028453926                          NaN                     NaN   1.49159265358989     
  -1.59999999999991      -2.919952230119671E-002 -0.999573603041508                          NaN                     NaN   1.54159265358989     
  -1.54999999999991       2.079482780318456E-002 -0.999783764189355       0.144204118537525       -3.87305098650515       -1.54999999999991     
  -1.49999999999991       7.073720166779483E-002 -0.997494986604048       0.265964662441827       -2.64878365397714       -1.49999999999991     
  -1.44999999999991       0.120502769367458      -0.992712991037577       0.347135088067251       -2.11608254401296       -1.44999999999991     
  -1.39999999999991       0.169967142900332      -0.985449729988444       0.412270715550270       -1.77215013766916       -1.39999999999991     
  -1.34999999999991       0.219006687093132      -0.975723357826639       0.467981502939092       -1.51865301495998       -1.34999999999991     
  -1.29999999999991       0.267498828624676      -0.963558185417168       0.517202889226923       -1.31864009162884       -1.29999999999991     
  -1.24999999999991       0.315322362395356      -0.948984619355557       0.561535717826886       -1.15415979076168       -1.24999999999991     
  -1.19999999999991       0.362357754476760      -0.932039085967193       0.601961588871549       -1.01512328314042       -1.19999999999991     
  -1.14999999999991       0.408487440884242      -0.912763940260483       0.639130222164655      -0.895294109624121       -1.14999999999991     
  -1.09999999999991       0.453596121425660      -0.891207360061393       0.673495450189279      -0.790548077254050       -1.09999999999991     
  -1.04999999999991       0.497571047891807      -0.867423225593971       0.705387161700443      -0.698016922747065       -1.04999999999991     
 -0.999999999999907       0.540302305868218      -0.841470984807846       0.735052587144769      -0.615626470385870      -0.999999999999907     
 -0.949999999999907       0.581683089463959      -0.813415504789320       0.762681512470283      -0.541829499376833      -0.949999999999907     
 -0.899999999999907       0.621609968270737      -0.783326909627426       0.788422455458200      -0.475442443585698      -0.899999999999907     
 -0.849999999999907       0.659983145885052      -0.751280405140232       0.812393467406682      -0.415540980825529      -0.849999999999907     
 -0.799999999999907       0.696706709347232      -0.717356090899458       0.834689588617968      -0.361390746811248      -0.799999999999907     
 -0.749999999999907       0.731688868873884      -0.681638760023266       0.855388139310970      -0.312399897899019      -0.749999999999907     
 -0.699999999999907       0.764842187284548      -0.644217687237620       0.874552564048925      -0.268085757567853      -0.699999999999907     
 -0.649999999999907       0.796083798549112      -0.605186405735966       0.892235282057996      -0.228050824119546      -0.649999999999907     
 -0.599999999999907       0.825335614909731      -0.564642473394959       0.908479837371051      -0.191965169419374      -0.599999999999907     
 -0.549999999999907       0.852524522059554      -0.522687228930580       0.923322544975240      -0.159553305358924      -0.549999999999907     
 -0.499999999999907       0.877582561890417      -0.479425538604121       0.936793767000196      -0.130584240443672      -0.499999999999907     
 -0.449999999999907       0.900447102352717      -0.434965534111147       0.948918912422298      -0.104863858620445      -0.449999999999907     
 -0.399999999999907       0.921060994002921      -0.389418342308565       0.959719226650650      -8.222901907501612E-002 -0.399999999999907     
 -0.349999999999907       0.939372712847411      -0.342897807455364       0.969212418847082      -6.254295323777086E-002 -0.349999999999907     
 -0.299999999999907       0.955336489125634      -0.295520206661251       0.977413161935951      -4.569165592602924E-002 -0.299999999999907     
 -0.249999999999907       0.968912421710668      -0.247403959254433       0.984333491104853      -3.158105124744583E-002 -0.249999999999907     
 -0.199999999999907       0.980066577841260      -0.198669330794970       0.989983119977942      -2.013477305238955E-002 -0.199999999999907     
 -0.149999999999907       0.988771077936056      -0.149438132473507       0.994369688765731      -1.129244236662780E-002 -0.149999999999907     
 -9.999999999990709E-002  0.995004165278035      -9.983341664673571E-002  0.997498955026037      -5.008355623225993E-003 -9.999999999990709E-002
 -4.999999999990709E-002  0.998750260394971      -4.997916927058554E-002  0.999374934844261      -1.250521180814692E-003 -4.999999999990710E-002
  9.291178937331779E-014   1.00000000000000       9.291178937331779E-014   1.00000000000000        0.00000000000000       9.291178937331779E-014
  5.000000000009291E-002  0.998750260394962       4.997916927077112E-002  0.999374934844256      -1.250521180823919E-003  5.000000000009291E-002
  0.100000000000093       0.995004165278016       9.983341664692061E-002  0.997498955026027      -5.008355623244627E-003  0.100000000000093     
  0.150000000000093       0.988771077936028       0.149438132473691       0.994369688765717      -1.129244236665587E-002  0.150000000000093     
  0.200000000000093       0.980066577841223       0.198669330795152       0.989983119977923      -2.013477305242716E-002  0.200000000000093     
  0.250000000000093       0.968912421710622       0.247403959254613       0.984333491104830      -3.158105124749338E-002  0.250000000000093     
  0.300000000000093       0.955336489125579       0.295520206661428       0.977413161935923      -4.569165592608677E-002  0.300000000000093     
  0.350000000000093       0.939372712847347       0.342897807455539       0.969212418847049      -6.254295323783871E-002  0.350000000000093     
  0.400000000000093       0.921060994002849       0.389418342308736       0.959719226650612      -8.222901907509471E-002  0.400000000000093     
  0.450000000000093       0.900447102352636       0.434965534111314       0.948918912422256      -0.104863858620535       0.450000000000093     
  0.500000000000093       0.877582561890328       0.479425538604285       0.936793767000148      -0.130584240443774       0.500000000000093     
  0.550000000000093       0.852524522059457       0.522687228930738       0.923322544975188      -0.159553305359038       0.550000000000093     
  0.600000000000093       0.825335614909626       0.564642473395112       0.908479837370993      -0.191965169419501       0.600000000000093     
  0.650000000000093       0.796083798548999       0.605186405736114       0.892235282057933      -0.228050824119687       0.650000000000093     
  0.700000000000093       0.764842187284428       0.644217687237762       0.874552564048856      -0.268085757568010       0.700000000000093     
  0.750000000000093       0.731688868873757       0.681638760023402       0.855388139310896      -0.312399897899192       0.750000000000093     
  0.800000000000093       0.696706709347099       0.717356090899588       0.834689588617888      -0.361390746811440       0.800000000000093     
  0.850000000000093       0.659983145884912       0.751280405140354       0.812393467406596      -0.415540980825741       0.850000000000093     
  0.900000000000093       0.621609968270591       0.783326909627541       0.788422455458107      -0.475442443585932       0.900000000000093     
  0.950000000000093       0.581683089463808       0.813415504789428       0.762681512470184      -0.541829499377093       0.950000000000093     
   1.00000000000009       0.540302305868061       0.841470984807947       0.735052587144662      -0.615626470386159        1.00000000000009     
   1.05000000000009       0.497571047891646       0.867423225594063       0.705387161700329      -0.698016922747389        1.05000000000009     
   1.10000000000009       0.453596121425494       0.891207360061478       0.673495450189156      -0.790548077254415        1.10000000000009     
   1.15000000000009       0.408487440884072       0.912763940260559       0.639130222164523      -0.895294109624536        1.15000000000009     
   1.20000000000009       0.362357754476586       0.932039085967260       0.601961588871405       -1.01512328314090        1.20000000000009     
   1.25000000000009       0.315322362395180       0.948984619355616       0.561535717826729       -1.15415979076223        1.25000000000009     
   1.30000000000009       0.267498828624497       0.963558185417218       0.517202889226750       -1.31864009162951        1.30000000000009     
   1.35000000000009       0.219006687092950       0.975723357826680       0.467981502938899       -1.51865301496080        1.35000000000009     
   1.40000000000009       0.169967142900149       0.985449729988476       0.412270715550048       -1.77215013767024        1.40000000000009     
   1.45000000000009       0.120502769367274       0.992712991037600       0.347135088066985       -2.11608254401449        1.45000000000009     
   1.50000000000009       7.073720166760944E-002  0.997494986604061       0.265964662441478       -2.64878365397976        1.50000000000009     
   1.55000000000009       2.079482780299875E-002  0.999783764189359       0.144204118536881       -3.87305098651408        1.55000000000009     
   1.60000000000009      -2.919952230138248E-002  0.999573603041502                          NaN                     NaN  -1.54159265358970     
   1.65000000000009      -7.912088880682749E-002  0.996865028453911                          NaN                     NaN  -1.49159265358970     
   1.70000000000009      -0.128844494295618       0.991664810452456                          NaN                     NaN  -1.44159265358970     
   1.75000000000009      -0.178246055649585       0.983985946873920                          NaN                     NaN  -1.39159265358970     
   1.80000000000009      -0.227202094693179       0.973847630878174                          NaN                     NaN  -1.34159265358970     
   1.85000000000009      -0.275590246824603       0.961275202975274                          NaN                     NaN  -1.29159265358970     
   1.90000000000009      -0.323289566863592       0.946300087687384                          NaN                     NaN  -1.24159265358970     
   1.95000000000009      -0.370180831351374       0.928959715003834                          NaN                     NaN  -1.19159265358970     
   2.00000000000009      -0.416146836547228       0.909297426825643                          NaN                     NaN  -1.14159265358970     
   2.05000000000009      -0.461072691376796       0.887362368633332                          NaN                     NaN  -1.09159265358970     
   2.10000000000009      -0.504846104599938       0.863209366648826                          NaN                     NaN  -1.04159265358970     
   2.15000000000009      -0.547357665480349       0.836898790798446                          NaN                     NaN -0.991592653589700     
   2.20000000000009      -0.588501117255421       0.808496403819535                          NaN                     NaN -0.941592653589700     
   2.25000000000009      -0.628173622722812       0.778073196887863                          NaN                     NaN -0.891592653589700     
   2.30000000000009      -0.666276021279894       0.745705212176658                          NaN                     NaN -0.841592653589700     
   2.35000000000009      -0.702713076773620       0.711473352790779                          NaN                     NaN -0.791592653589700     
   2.40000000000009      -0.737393715541308       0.675463180551083                          NaN                     NaN -0.741592653589701     
   2.45000000000009      -0.770231254047366       0.637764702134432                          NaN                     NaN -0.691592653589701     
   2.50000000000009      -0.801143615546989       0.598472144103882                          NaN                     NaN -0.641592653589701     
   2.55000000000009      -0.830053535235274       0.557683717391340                          NaN                     NaN -0.591592653589701     
   2.60000000000009      -0.856888753368995       0.515501371821385                          NaN                     NaN -0.541592653589701     
   2.65000000000009      -0.881582195878329       0.472030541289802                          NaN                     NaN -0.491592653589701     
   2.70000000000009      -0.904072142017100       0.427379880233747                          NaN                     NaN -0.441592653589702     
   2.75000000000009      -0.924302378632498       0.381660992052247                          NaN                     NaN -0.391592653589702     
   2.80000000000009      -0.942222340668689       0.334988150155819                          NaN                     NaN -0.341592653589702     
   2.85000000000009      -0.957787237553116       0.287478012342457                          NaN                     NaN -0.291592653589702     
   2.90000000000009      -0.970958165149612       0.239249329213894                          NaN                     NaN -0.241592653589702     
   2.95000000000009      -0.981702202998471       0.190422647360938                          NaN                     NaN -0.191592653589702     
   3.00000000000009      -0.989992496600458       0.141120008059778                          NaN                     NaN -0.141592653589703     
   3.05000000000009      -0.995808324539070       9.146464223234699E-002                     NaN                     NaN -9.159265358970282E-002
   3.10000000000009      -0.999135150273283       4.158066243320042E-002                     NaN                     NaN -4.159265358970300E-002
   3.15000000000009      -0.999964658471341      -8.407247367238765E-003                     NaN                     NaN  8.407346410296822E-003
   3.20000000000009      -0.998294775794748      -5.837414342766964E-002                     NaN                     NaN  5.840734641029665E-002
   3.25000000000009      -0.994129676080536      -0.108195134530198                          NaN                     NaN  0.108407346410296     
   3.30000000000009      -0.987479769908851      -0.157745694143337                          NaN                     NaN  0.158407346410296     
   3.35000000000009      -0.978361678581916      -0.206901971673487                          NaN                     NaN  0.208407346410296     
   3.40000000000009      -0.966798192579438      -0.255541102026918                          NaN                     NaN  0.258407346410296     
   3.45000000000009      -0.952818214594278      -0.303541512708514                          NaN                     NaN  0.308407346410296     
   3.50000000000009      -0.936456687290765      -0.350783227689703                          NaN                     NaN  0.358407346410296     
   3.55000000000009      -0.917754505966241      -0.397148167286041                          NaN                     NaN  0.408407346410295     
   3.60000000000009      -0.896758416334108      -0.442520443294932                          NaN                     NaN  0.458407346410295     
   3.65000000000009      -0.873520897683895      -0.486786648655777                          NaN                     NaN  0.508407346410295     
   3.70000000000009      -0.848100031710362      -0.529836140908568                          NaN                     NaN  0.558407346410295     
   3.75000000000009      -0.820559357339510      -0.571561318742416                          NaN                     NaN  0.608407346410295     
   3.80000000000009      -0.790967711914363      -0.611857890942789                          NaN                     NaN  0.658407346410295     
   3.85000000000009      -0.759399059137451      -0.650625137065234                          NaN                     NaN  0.708407346410294     
   3.90000000000009      -0.725932304200080      -0.687766159184037                          NaN                     NaN  0.758407346410294     
   3.95000000000009      -0.690651096560445      -0.723188124086572                          NaN                     NaN  0.808407346410294     
   4.00000000000009      -0.653643620863546      -0.756802495307985                          NaN                     NaN  0.858407346410294     
   4.05000000000009      -0.615002376525506      -0.788525254426249                          NaN                     NaN  0.908407346410294     
   4.10000000000009      -0.574823946533198      -0.818277111064460                          NaN                     NaN  0.958407346410293     
   4.15000000000009      -0.533208756037082      -0.845983701075492                          NaN                     NaN   1.00840734641029     
   4.20000000000009      -0.490260821340624      -0.871575772413630                          NaN                     NaN   1.05840734641029     
   4.25000000000009      -0.446087489913716      -0.894989358228622                          NaN                     NaN   1.10840734641029     
   4.30000000000009      -0.400799172079897      -0.916165936749489                          NaN                     NaN   1.15840734641029     
   4.35000000000009      -0.354509065048051      -0.935052577558480                          NaN                     NaN   1.20840734641029     
   4.40000000000009      -0.307332869978338      -0.951602073889542                          NaN                     NaN   1.25840734641029     
   4.45000000000009      -0.259388502789544      -0.965773060620661                          NaN                     NaN   1.30840734641029     
   4.50000000000009      -0.210795799430696      -0.977530117665115                          NaN                     NaN   1.35840734641029     
   4.55000000000009      -0.161676216353602      -0.986843858503250                          NaN                     NaN   1.40840734641029     
   4.60000000000008      -0.112152526934970      -0.993691003633474                          NaN                     NaN   1.45840734641029     
   4.65000000000008      -6.234851460690744E-002 -0.998054438758885                          NaN                     NaN   1.50840734641029     
   4.70000000000008      -1.238866346280619E-002 -0.999923257564102                          NaN                     NaN   1.55840734641029     
   4.75000000000008       3.760215288806087E-002 -0.999292788975375       0.193912745553408       -3.28069397256425       -1.53318530717950     
   4.80000000000008       8.749898343953044E-002 -0.996164608835833       0.295802270849178       -2.43612810351999       -1.48318530717950     
   4.85000000000008       0.137177112100991      -0.990546535966702       0.370374286500819       -1.98648239902794       -1.43318530717950     
   4.90000000000008       0.186512369422658      -0.982452612624317       0.431870778616310       -1.67925771811553       -1.38318530717950     
   4.95000000000008       0.235381442954532      -0.971903069401801       0.485161254589165       -1.44654791923222       -1.33318530717950     
   5.00000000000008       0.283662185463306      -0.958924274663115       0.532599460629943       -1.25997123662831       -1.28318530717950     
   5.05000000000008       0.331233920236832      -0.943548668635879       0.575529252285957       -1.10493044554120       -1.23318530717950     
   5.10000000000008       0.377977742713058      -0.925814682327701       0.614798944951158      -0.972919966807633       -1.18318530717950     
   5.15000000000008       0.423776817679503      -0.905766641468669       0.650981426524216      -0.858548335730688       -1.13318530717950     
   5.20000000000008       0.468516671300450      -0.883454655720115       0.684482776481958      -0.758183593517453       -1.08318530717950     
   5.25000000000008       0.512085477241912      -0.858934493426550       0.715601479345810      -0.669263720138743       -1.03318530717950     
   5.30000000000008       0.554374336179229      -0.832267442223856       0.744563184813236      -0.589915123340919      -0.983185307179504     
   5.35000000000008       0.595277547988672      -0.803520155852107       0.771542317691436      -0.518727514990661      -0.933185307179504     
   5.40000000000008       0.634692875942698      -0.772764487555935       0.796676142446037      -0.454614057023398      -0.883185307179504     
   5.45000000000008       0.672521802248526      -0.740077310488839       0.820074266300636      -0.396720748331239      -0.833185307179505     
   5.50000000000008       0.708669774291318      -0.705540325570334       0.841825263514536      -0.344365623586777      -0.783185307179505     
   5.55000000000008       0.743046440966465      -0.669239857276201       0.862001415872657      -0.296996731552216      -0.733185307179505     
   5.60000000000008       0.775565878510301      -0.631266637872258       0.880662181832683      -0.254162350250419      -0.683185307179505     
   5.65000000000008       0.806146805264764      -0.591715580630944       0.897856784384215      -0.215489412534079      -0.633185307179505     
   5.70000000000008       0.834712784839204      -0.550685542597570       0.913626173464401      -0.180667583555068      -0.583185307179505     
   5.75000000000008       0.861192417161562      -0.508279077499189       0.928004535097519      -0.149437318498689      -0.533185307179506     
   5.80000000000008       0.885519516941356      -0.464602179413686       0.941020465739910      -0.121580781413368      -0.483185307179506     
   5.85000000000008       0.907633279098447      -0.419764017839786       0.952697894979540      -9.691485960626833E-002 -0.433185307179506     
   5.90000000000008       0.927478430744066      -0.373876664830162       0.963056815948086      -7.528574003341744E-002 -0.383185307179506     
   5.95000000000008       0.945005369334254      -0.327054814869665       0.972113866444797      -5.656466966934686E-002 -0.333185307179506     
   6.00000000000008       0.960170286650388      -0.279415498198849       0.979882792302420      -4.064462832308116E-002 -0.283185307179507     
   6.05000000000008       0.972935278296916      -0.231077788299314       0.986374816333485      -2.743771668898738E-002 -0.233185307179507     
   6.10000000000008       0.983268438442599      -0.182162504272017       0.991598930234699      -1.687311529827060E-002 -0.183185307179507     
   6.15000000000008       0.991143939568479      -0.132791908852438       0.995562122405468      -8.895508409856978E-003 -0.133185307179507     
   6.20000000000008       0.996542097023224      -8.308940281741763E-002  0.998269551285235      -3.463895341272352E-003 -8.318530717950726E-002
   6.25000000000008       0.999449418224502      -3.317921654747781E-002  0.999724671209280      -5.507334013011836E-004 -3.318530717950743E-002
   6.30000000000008       0.999858636383414       1.681390048442875E-002  0.999929315693571      -1.413736093640337E-004  1.681469282049240E-002
   6.35000000000008       0.997768728667679       6.676499152163434E-002  0.998883741317116      -2.233764327256142E-003  6.681469282049221E-002
   6.40000000000008       0.993184918758183       0.116549204850571       0.996586633844837      -6.838409959803118E-003  0.116814692820492     
   6.45000000000008       0.986118663792500       0.166042105865034       0.993035076818790      -1.397858294688765E-002  0.166814692820492     
   6.50000000000008       0.976587625728007       0.215119988087892       0.988224481445388      -2.369079820281565E-002  0.216814692820492     
   6.55000000000008       0.964615627196198       0.263660182372854       0.982148475127970      -3.602557077748209E-002  0.266814692820492     
   6.60000000000008       0.950232591958505       0.311541363513452       0.974798744335725      -5.104849071388337E-002  0.316814692820491     
   6.65000000000008       0.933474470112484       0.358643853492873       0.966164825540903      -6.884166494157583E-002  0.366814692820491     
   6.70000000000008       0.914383148235288       0.404849920616669       0.956233835541960      -8.950559598534744E-002  0.416814692820491     
   6.75000000000008       0.893006344689042       0.450044073780687       0.944990129413552      -0.113161593215937       0.466814692820491     
   6.80000000000008       0.869397490349787       0.494113351138675       0.932414870296365      -0.139954847077819       0.516814692820491     
   6.85000000000008       0.843615595058118       0.536947602448076       0.918485489846257      -0.170058344230087       0.566814692820490     
   6.90000000000008       0.815725100125313       0.578439764388263       0.903175010795423      -0.203677867878570       0.616814692820490     
   6.95000000000008       0.785795717263614       0.618486128163084       0.886451192826550      -0.241058422033467       0.666814692820490     
   7.00000000000008       0.753902254343254       0.656986598718847       0.868275448428236      -0.282492555527203       0.716814692820490     
   7.05000000000008       0.720124428411741       0.693844944929819       0.848601454401147      -0.328331264664685       0.766814692820490     
   7.10000000000008       0.684546666442751       0.728969040125928       0.827373353718109      -0.378998460620239       0.816814692820490     
   7.15000000000008       0.647257894312666       0.762271092361460       0.804523395752209      -0.435010463727046       0.866814692820489     
   7.20000000000008       0.608351314532195       0.793667863849199       0.779968790742421      -0.497002743935374       0.916814692820489     
   7.25000000000008       0.567924173288633       0.823080879011548       0.753607439777921      -0.565767366903881       0.966814692820489     
   7.30000000000008       0.526077517381041       0.850436620628604       0.725312013812705      -0.642306705655686        1.01681469282049     
   7.35000000000008       0.482915941655872       0.875666713592919       0.694921536330449      -0.727912674313985        1.06681469282049     
   7.40000000000007       0.438547327574323       0.898708095811660       0.662229059747700      -0.824287542379797        1.11681469282049     
   7.45000000000007       0.393082573564872       0.919503175829000       0.626962976231350      -0.933735578330978        1.16681469282049     
   7.50000000000007       0.346635317834956       0.937999976774765       0.588757435481673       -1.05948200892605        1.21681469282049     
   7.55000000000007       0.299321654334636       0.954152266279537       0.547102965020878       -1.20623651680865        1.26681469282049     
   7.60000000000007       0.251259842582184       0.967919672031505       0.501258259365553       -1.38126764591970        1.31681469282049     
   7.65000000000007       0.202570012076872       0.979267782686215       0.450077784473831       -1.59666971353816        1.36681469282049     
   7.70000000000007       0.153373862037791       0.988168233877012       0.391629751216364       -1.87487679545509        1.41681469282049     
   7.75000000000007       0.103794357219180       0.994598779111184       0.322171316568033       -2.26534367177831        1.46681469282049     
   7.80000000000007       5.395542056257614E-002  0.998543345374609       0.232283061290694       -2.91959711850539        1.51681469282049     
   7.85000000000007       3.981623454006020E-003  0.999992073305919       6.310010660851549E-002  -5.52606563983902        1.56681469282049     
   7.90000000000007      -4.600212563960970E-002  0.998941341839769                          NaN                     NaN  -1.52477796076931     
   7.95000000000007      -9.587089337657032E-002  0.995393777257613                          NaN                     NaN  -1.47477796076931     
   8.00000000000007      -0.145500033808686       0.989358246623371                          NaN                     NaN  -1.42477796076931     
   8.05000000000007      -0.194765499931233       0.980849835620385                          NaN                     NaN  -1.37477796076931     
   8.10000000000007      -0.243544153735863       0.969889810845068                          NaN                     NaN  -1.32477796076931     
   8.15000000000007      -0.291714073991498       0.956505566651487                          NaN                     NaN  -1.27477796076930     
   8.20000000000008      -0.339154860983906       0.940730556679747                          NaN                     NaN  -1.22477796076930     
   8.25000000000008      -0.385747937452292       0.922604210239311                          NaN                     NaN  -1.17477796076930     
   8.30000000000008      -0.431376844970690       0.902171833756260                          NaN                     NaN  -1.12477796076930     
   8.35000000000008      -0.475927535033378       0.879484497530828                          NaN                     NaN  -1.07477796076930     
   8.40000000000008      -0.519288654116752       0.854598908088240                          NaN                     NaN  -1.02477796076930     
   8.45000000000008      -0.561351822005138       0.827577266441939                          NaN                     NaN -0.974777960769300     
   8.50000000000008      -0.602011902684887       0.798487112623442                          NaN                     NaN -0.924777960769300     
   8.55000000000008      -0.641167267129663       0.767401156867436                          NaN                     NaN -0.874777960769299     
   8.60000000000008      -0.678720047320072       0.734397097874058                          NaN                     NaN -0.824777960769298     
   8.65000000000008      -0.714576380862749       0.699557428602610                          NaN                     NaN -0.774777960769298     
   8.70000000000008      -0.748646645597454       0.662969230082121                          NaN                     NaN -0.724777960769297     
   8.75000000000008      -0.780845683605801       0.624723953754127                          NaN                     NaN -0.674777960769296     
   8.80000000000008      -0.811093014061705       0.584917192891694                          NaN                     NaN -0.624777960769295     
   8.85000000000008      -0.839313034391530       0.543648443666017                          NaN                     NaN -0.574777960769295     
   8.90000000000009      -0.865435209241155       0.501020856457811                          NaN                     NaN -0.524777960769294     
   8.95000000000009      -0.889394246777621       0.457140978035078                          NaN                     NaN -0.474777960769293     
   9.00000000000009      -0.911130261884713       0.412118485241677                          NaN                     NaN -0.424777960769293     
   9.05000000000009      -0.930588925844560       0.366065910862330                          NaN                     NaN -0.374777960769292     
   9.10000000000009      -0.947721602131140       0.319098362349268                          NaN                     NaN -0.324777960769291     
   9.15000000000009      -0.962485467976261       0.271333234113547                          NaN                     NaN -0.274777960769291     
   9.20000000000009      -0.974843621404184       0.222889914100159                          NaN                     NaN -0.224777960769290     
   9.25000000000009      -0.984765173467339       0.173889485380344                          NaN                     NaN -0.174777960769289     
   9.30000000000009      -0.992225325452615       0.124454423506972                          NaN                     NaN -0.124777960769288     
   9.35000000000009      -0.997205430865219       7.470829038944267E-002                     NaN                     NaN -7.477796076928769E-002
   9.40000000000009      -0.999693042035209       2.477542545326543E-002                     NaN                     NaN -2.477796076928699E-002
   9.45000000000009      -0.999681941230183      -2.521936514375284E-002                     NaN                     NaN  2.522203923071372E-002
   9.50000000000009      -0.997172156196371      -7.515112046190318E-002                     NaN                     NaN  7.522203923071441E-002
   9.55000000000009      -0.992169960089289      -0.124895037116846                          NaN                     NaN  0.125222039230715     
   9.60000000000010      -0.984687855794110      -0.174326781223074                          NaN                     NaN  0.175222039230716     
   9.65000000000010      -0.974744544674968      -0.223322799163877                          NaN                     NaN  0.225222039230717     
   9.70000000000010      -0.962364879831284      -0.271760626411036                          NaN                     NaN  0.275222039230717     
   9.75000000000010      -0.947579803977962      -0.319519193622366                          NaN                     NaN  0.325222039230718     
   9.80000000000010      -0.930426272104717      -0.366479129252019                          NaN                     NaN  0.375222039230719     
   9.85000000000010      -0.910947159107847      -0.412523057917183                          NaN                     NaN  0.425222039230719     
   9.90000000000010      -0.889191152625315      -0.457535893775410                          NaN                     NaN  0.475222039230720     
   9.95000000000010      -0.865212631343021      -0.501405128179285                          NaN                     NaN  0.525222039230721     
   10.0000000000001      -0.839071529076397      -0.544021110889455                          NaN                     NaN  0.575222039230722     
   10.0500000000001      -0.810833184967087      -0.585277324143119                          NaN                     NaN  0.625222039230722     
   10.1000000000001      -0.780568180169119      -0.625070648892962                          NaN                     NaN  0.675222039230723     
   10.1500000000001      -0.748352161432778      -0.663301622551075                          NaN                     NaN  0.725222039230724     
   10.2000000000001      -0.714265652027127      -0.699874687593617                          NaN                     NaN  0.775222039230724     
   10.2500000000001      -0.678393850473768      -0.734698430404866                          NaN                     NaN  0.825222039230725     
   10.3000000000001      -0.640826417594913      -0.767685809763650                          NaN                     NaN  0.875222039230726     
   10.3500000000001      -0.601657252408017      -0.798754374401065                          NaN                     NaN  0.925222039230727     
   10.4000000000001      -0.560984257427141      -0.827826469085713                          NaN                     NaN  0.975222039230727     
   10.4500000000001      -0.518909093957650      -0.854829428721339                          NaN                     NaN   1.02522203923073     
   10.5000000000001      -0.475536927995897      -0.879695759971722                          NaN                     NaN   1.07522203923073     
   10.5500000000001      -0.430976167368999      -0.902363309958870                          NaN                     NaN   1.12522203923073     
   10.6000000000001      -0.385338190771728      -0.922775421612849                          NaN                     NaN   1.17522203923073     
   10.6500000000001      -0.338737069377778      -0.940881075284945                          NaN                     NaN   1.22522203923073     
   10.7000000000001      -0.291289281721238      -0.956635016270221                          NaN                     NaN   1.27522203923073     
   10.7500000000001      -0.243113422560921      -0.969997867920706                          NaN                     NaN   1.32522203923073     
   10.8000000000001      -0.194329906455225      -0.980936230066513                          NaN                     NaN   1.37522203923073     
   10.8500000000001      -0.145060666788449      -0.989422762498868                          NaN                     NaN   1.42522203923073     
   10.9000000000001      -9.542885100083749E-002 -0.995436253306388                          NaN                     NaN   1.47522203923073     
   10.9500000000001      -4.555851278410836E-002 -0.998961671893822                          NaN                     NaN   1.52522203923073     
   11.0000000000001       4.425697988166248E-003 -0.999990206550703       6.652591967170576E-002  -5.42032727552279       -1.56637061435906     
   11.0500000000001       5.439884682032940E-002 -0.998519286476039       0.233235603672187       -2.91141232350063       -1.51637061435906     
   11.1000000000001       0.104236026865813      -0.994552588203977       0.322856046661377       -2.26109746214700       -1.46637061435906     
   11.1500000000001       0.153812671129206      -0.988100026414380       0.392189585697028       -1.87201983824826       -1.41637061435906     
   11.2000000000001       0.203004863818867      -0.979177729151293       0.450560610594032       -1.59452534052853       -1.36637061435905     
   11.2500000000001       0.251689650071870      -0.967807997511231       0.501686804761566       -1.37955849778219       -1.31637061435905     
   11.3000000000001       0.299745343277128      -0.954019249902053       0.547490039431886       -1.20482202055089       -1.26637061435905     
   11.3500000000001       0.347051829228552      -0.937845951011741       0.589111049996986       -1.05828114641789       -1.21637061435905     
   11.4000000000001       0.393490866348002      -0.919328525664628       0.627288503280589      -0.932697422707911       -1.16637061435905     
   11.4500000000001       0.438946381227664      -0.898513257780395       0.662530287026687      -0.823378011800039       -1.11637061435905     
   11.5000000000001       0.483304758753113      -0.875452174688369       0.695201236156203      -0.727107853804417       -1.06637061435905     
   11.5500000000001       0.526455126081932      -0.850202917086302       0.725572274885095      -0.641589181654056       -1.01637061435905     
   11.6000000000001       0.568289629768076      -0.822828594968638       0.753849872168243      -0.565124078658196      -0.966370614359049     
   11.6500000000001       0.608703705339317      -0.793397629884401       0.780194658620089      -0.496423656201102      -0.916370614359048     
   11.7000000000001       0.647596338653972      -0.761983583918952       0.804733706671948      -0.434487710909939      -0.866370614359048     
   11.7500000000001       0.684870318383645      -0.728664975827084       0.827568920624527      -0.378525774870746      -0.816370614359047     
   11.8000000000001       0.720432478990926      -0.693525084777031       0.848782939856196      -0.327903582034034      -0.766370614359046     
   11.8500000000001       0.754193933594712      -0.656651742195919       0.868443396885895      -0.282105737687032      -0.716370614359045     
   11.9000000000001       0.786070296141118      -0.618137112236933       0.886606054649481      -0.240709055257984      -0.666370614359045     
   11.9500000000001       0.815981892324669      -0.578077461416939       0.903317160428533      -0.203363115042841      -0.616370614359044     
   12.0000000000001       0.843853958732562      -0.536572918000326       0.918615239767206      -0.169775834035467      -0.566370614359043     
   12.0500000000001       0.869616829714269      -0.493727221730485       0.932532481854798      -0.139702589965138      -0.516370614359043     
   12.1000000000001       0.893206111509382      -0.449647464534484       0.945095821337383      -0.112937916776464      -0.466370614359042     
   12.1500000000001       0.914562843198471      -0.404443822849020       0.956327790665142      -8.930909486983878E-002 -0.416370614359041     
   12.2000000000001       0.933633644074685      -0.358229282236704       0.966247196153596      -6.867116173249325E-002 -0.366370614359040     
   12.2500000000001       0.950370847067715      -0.311119354981001       0.974869656450397      -5.090300522583802E-002 -0.316370614359040     
   12.3000000000001       0.964732617886645      -0.263231791365672       0.982208031878504      -3.590429594709425E-002 -0.266370614359039     
   12.3500000000001       0.976683059583893      -0.214686285360397       0.988272765780730      -2.359308122310581E-002 -0.216370614359038     
   12.4000000000001       0.986192302278886      -0.165604175448176       0.993072153611653      -1.390391065870653E-002 -0.166370614359038     
   12.4500000000001       0.993236577817204      -0.116108141342323       0.996612551504949      -6.786397776969393E-003 -0.116370614359037     
   12.5000000000001       0.997798279178590      -6.632189735106421E-002  0.998898532974491      -2.204148172251688E-003 -6.637061435903617E-002
   12.5500000000001       0.999866004485327      -1.636988315620460E-002  0.999932999998163      -1.340044928738687E-004 -1.637061435903546E-002
   12.6000000000001       0.999434585501000       3.362304722127517E-002  0.999717252777504      -5.655744060564649E-004  3.362938564096525E-002
   12.6500000000001       0.996505100548391       8.353193749124625E-002  0.998251020810092      -3.501020879375580E-003  8.362938564096596E-002
   12.7000000000001       0.991084871814235       0.133232041420081       0.995532456434362      -8.955105721653887E-003  0.133629385640967     
   12.7500000000001       0.983187447047566       0.182599134631272       0.991558090606681      -1.695548825733512E-002  0.183629385640967     
   12.8000000000001       0.972832565697403       0.231509825101675       0.986322749254727      -2.754329207910963E-002  0.233629385640968     
   12.8500000000001       0.960046109574402       0.279841861577311       0.979819427024389      -4.077396486702834E-002  0.283629385640969     
   12.9000000000001       0.944860038159814       0.327474439137827       0.972039113492772      -5.671847022482523E-002  0.333629385640970     
   12.9500000000001       0.927312308723422       0.374288501145890       0.962970564827099      -7.546486754096117E-002  0.383629385640970     
   13.0000000000001       0.907446781450136       0.420167036826771       0.952600011258732      -9.712035759285433E-002  0.433629385640971     
   13.0500000000001       0.885313109812372       0.464995373734349       0.940910787382296      -0.121813900147235       0.483629385640972     
   13.1000000000001       0.860966616462232       0.508661464372499       0.927882867856839      -0.149699548288406       0.533629385640972     
   13.1500000000001       0.834468154953683       0.551056166255488       0.913492285109011      -0.180960697239080       0.583629385640973     
   13.2000000000001       0.805883957640363       0.592073514707342       0.897710397422445      -0.215815519991552       0.633629385640974     
   13.2500000000001       0.775285470129195       0.631610987718353       0.880502964293247      -0.254523968898664       0.683629385640975     
   13.3000000000001       0.742749172703571       0.669569762196712       0.861828969519806      -0.297396878468959       0.733629385640975     
   13.3500000000001       0.708356389162479       0.705854960974770       0.841639108622264      -0.344807937415597       0.783629385640976     
   13.4000000000001       0.672193083553358       0.740375889952549       0.819873821727074      -0.397209653013097       0.833629385640977     
   13.4500000000002       0.634349645306743       0.773046264785756       0.796460699160193      -0.455154985540097       0.883629385640977     
   13.5000000000002       0.594920663309771       0.803784426551711       0.771311002974657      -0.519327221302114       0.933629385640978     
   13.5500000000002       0.554004689483216       0.832513545854123       0.744314912844836      -0.590582127499532       0.983629385640979     
   13.6000000000002       0.511703992453018       0.859161814856574       0.715334881333923      -0.670008960870050        1.03362938564098     
   13.6500000000002       0.468124301931975       0.883662626764707       0.684196099033000      -0.759021415911819        1.08362938564098     
   13.7000000000002       0.423374544450525       0.905954742308527       0.650672378736431      -0.859498043839996        1.13362938564098     
   13.7500000000002       0.377566571097150       0.925982442808686       0.614464458774590      -0.974008378563192        1.18362938564098     
   13.8000000000002       0.330814877948901       0.943695669444156       0.575165087560868       -1.10619634118224        1.23362938564098     
   13.8500000000002       0.283236319890838       0.959050148373220       0.532199511359075       -1.26147367718356        1.28362938564098     
   13.9000000000002       0.234949818539671       0.972007501395013       0.484716224753898       -1.44838332576955        1.33362938564098     
   13.9500000000002       0.186076065001655       0.982535341875039       0.431365349792557       -1.68159973724506        1.38362938564098     
   14.0000000000002       0.136737218207677       0.990607355694892       0.369779959175287       -1.98969431036529        1.43362938564099     
   14.0500000000002       8.705659957954594E-002  0.996203367023845       0.295053553748376       -2.44119680197656        1.48362938564099     
   14.1000000000002       3.715838479066665E-002  0.999309388747924       0.192765102626660       -3.29256583232493        1.53362938564099     
   14.1500000000002      -1.283270660847662E-002  0.999917657430401                          NaN                     NaN  -1.55796326794881     
   14.2000000000002      -6.279172292424309E-002  0.998026652716352                          NaN                     NaN  -1.50796326794881     
   14.2500000000002      -0.112593792633996       0.993641101132744                          NaN                     NaN  -1.45796326794880     
   14.3000000000002      -0.162114436499878       0.986771964274587                          NaN                     NaN  -1.40796326794880     
   14.3500000000002      -0.211229878702076       0.977436411406648                          NaN                     NaN  -1.35796326794880     
   14.4000000000002      -0.259817356213914       0.965657776549235                          NaN                     NaN  -1.30796326794880     
   14.4500000000002      -0.307755425645480       0.951465500155297                          NaN                     NaN  -1.25796326794880     
   14.5000000000002      -0.354924266788859       0.934895055524624                          NaN                     NaN  -1.20796326794880     
   14.5500000000002      -0.401205982106252       0.915987860139073                          NaN                     NaN  -1.15796326794880     
   14.6000000000002      -0.446484891412415       0.894791172140430                          NaN                     NaN  -1.10796326794880     
   14.6500000000002      -0.490647821014884       0.871357972209669                          NaN                     NaN  -1.05796326794880     
   14.7000000000002      -0.533584386589260       0.845746831142844                          NaN                     NaN  -1.00796326794880     
   14.7500000000002      -0.575187269082541       0.818021763454597                          NaN                     NaN -0.957963267948797     
   14.8000000000002      -0.615352482954854       0.788252067375212                          NaN                     NaN -0.907963267948797     
   14.8500000000002      -0.653979636089158       0.756512151641131                          NaN                     NaN -0.857963267948796     
   14.9000000000002      -0.690972180719249       0.722881349511858                          NaN                     NaN -0.807963267948795     
   14.9500000000002      -0.726237654748898       0.687443720478135                          NaN                     NaN -0.757963267948795     
   15.0000000000002      -0.759687912858933       0.650287840156986                          NaN                     NaN -0.707963267948794     
   15.0500000000002      -0.791239346824638       0.611506578898804                          NaN                     NaN -0.657963267948793     
   15.1000000000002      -0.820813094492768       0.571196869659846                          NaN                     NaN -0.607963267948792     
   15.1500000000002      -0.848335236895861       0.529459465720317                          NaN                     NaN -0.557963267948792     
   15.2000000000002      -0.873736983011166       0.486398688853646                          NaN                     NaN -0.507963267948791     
   15.2500000000002      -0.896954841702367       0.442122168576382                          NaN                     NaN -0.457963267948790     
   15.3000000000002      -0.917930780414363       0.396740573130451                          NaN                     NaN -0.407963267948790     
   15.3500000000002      -0.936612370224433       0.350367332870190                          NaN                     NaN -0.357963267948789     
   15.4000000000002      -0.952952916887234       0.303118356745533                          NaN                     NaN -0.307963267948788     
   15.4500000000002      -0.966911577546103       0.255111742590001                          NaN                     NaN -0.257963267948787     
   15.5000000000002      -0.978453462818921       0.206467481937621                          NaN                     NaN -0.207963267948787     
   15.5500000000002      -0.987549724003405       0.157307160106583                          NaN                     NaN -0.157963267948786     
   15.6000000000002      -0.994177625183835       0.107753652299264                          NaN                     NaN -0.107963267948785     
   15.6500000000002      -0.998320600059003       5.793081647821392E-002                     NaN                     NaN -5.796326794878465E-002
   15.7000000000002      -0.999968293349341       7.963183785754384E-003                     NaN                     NaN -7.963267948783936E-003
   15.7500000000002      -0.999116586679726      -4.202435271902360E-002                     NaN                     NaN  4.203673205121677E-002
   15.8000000000002      -0.995767608873272      -9.190685022786384E-002                     NaN                     NaN  9.203673205121750E-002
   15.8500000000002      -0.989929730630380      -0.141559628475297                          NaN                     NaN  0.142036732051218     
   15.9000000000002      -0.981617543606349      -0.190858581374371                          NaN                     NaN  0.192036732051219     
   15.9500000000002      -0.970851823939837      -0.239680487217237                          NaN                     NaN  0.242036732051220     
